--------------------------------------------------------------------------------
Symbol and Schematic Translator for DxDesigner and PADS Logic Version 3.0.0.116 2007/05/29 11:28:08 AM
Copyright (C) 2006 Mentor Graphics Corp.
Input file: D:\ADM\ROACH\SD\BaseProjects\IBOB1.5\IBOB_1_5.DSN
File type: (2,1) OrCAD Capture design file version 9
[W] Ignored extra net name: 'VCC' on sheet 'Mini ROACH\Page3- ZDOKs & GPIO', net 'VCC_3.3'
[W] Ignored extra net name: 'GND' on sheet 'Mini ROACH\Page3- ZDOKs & GPIO', net 'GND_SIGNAL'
[W] Ignored extra net name: '+3.3RAW' on sheet 'Mini ROACH\Page2-power', net 'VCC_3.3'
[W] Ignored extra net name: 'VCC_5.0' on sheet 'Mini ROACH\Page2-power', net '+5RAW'
Output path: D:\ADM\ROACH\SD\BaseProjects\IBOB1.5
[W] Renamed duplicated pin: 'GND' of symbol 'XCF32PV048' was renamed to 'GND1'
[W] Renamed duplicated pin: 'GND' of symbol 'XCF32PV048' was renamed to 'GND2'
[W] Renamed duplicated pin: 'GND' of symbol 'XCF32PV048' was renamed to 'GND3'
[W] Renamed duplicated pin: 'GND' of symbol 'XCF32PV048' was renamed to 'GND4'
[W] Renamed duplicated pin: 'GND' of symbol 'XCF32PV048' was renamed to 'GND5'
[W] Renamed duplicated pin: 'GND' of symbol 'XCF32PV048' was renamed to 'GND6'
[W] Renamed duplicated pin: 'VCCINT' of symbol 'XCF32PV048' was renamed to 'VCCINT1'
[W] Renamed duplicated pin: 'VCCINT' of symbol 'XCF32PV048' was renamed to 'VCCINT2'
[W] Renamed duplicated pin: 'VCCO' of symbol 'XCF32PV048' was renamed to 'VCCO1'
[W] Renamed duplicated pin: 'VCCO' of symbol 'XCF32PV048' was renamed to 'VCCO2'
[W] Renamed duplicated pin: 'VCCO' of symbol 'XCF32PV048' was renamed to 'VCCO3'
[W] Renamed duplicated pin: 'GND' of symbol 'LTX971A' was renamed to 'GND1'
[W] Renamed duplicated pin: 'GND' of symbol 'LTX971A' was renamed to 'GND2'
[W] Renamed duplicated pin: 'GND' of symbol 'LTX971A' was renamed to 'GND3'
[W] Renamed duplicated pin: 'GND' of symbol 'LTX971A' was renamed to 'GND4'
[W] Renamed duplicated pin: 'GND' of symbol 'LTX971A' was renamed to 'GND5'
[W] Renamed duplicated pin: 'GND' of symbol 'LTX971A' was renamed to 'GND6'
[W] Renamed duplicated pin: 'GND' of symbol 'LTX971A' was renamed to 'GND7'
[W] Renamed duplicated pin: 'GND' of symbol 'LTX971A' was renamed to 'GND8'
[W] Renamed duplicated pin: 'NC' of symbol 'LTX971A' was renamed to 'NC1'
[W] Renamed duplicated pin: 'NC' of symbol 'LTX971A' was renamed to 'NC2'
[W] Renamed duplicated pin: 'VCCA' of symbol 'LTX971A' was renamed to 'VCCA1'
[W] Renamed duplicated pin: 'VCCIO' of symbol 'LTX971A' was renamed to 'VCCIO1'
[W] Renamed duplicated pin: 'GND' of symbol 'PTH05010' was renamed to 'GND1'
[W] Renamed duplicated pin: 'RSVD' of symbol 'VXS50BGA1136_A' was renamed to 'RSVD1'
[W] Renamed duplicated pin: 'VCCO_0' of symbol 'VXS50BGA1136_A' was renamed to 'VCCO_1'
[W] Renamed duplicated pin: 'VCCO_1' of symbol 'VXS50BGA1136_B' was renamed to 'VCCO_2'
[W] Renamed duplicated pin: 'VCCO_2' of symbol 'VXS50BGA1136_C' was renamed to 'VCCO_3'
[W] Renamed duplicated pin: 'VCCO_3' of symbol 'VXS50BGA1136_D' was renamed to 'VCCO_4'
[W] Renamed duplicated pin: 'VCCO_4' of symbol 'VXS50BGA1136_E' was renamed to 'VCCO_5'
[W] Renamed duplicated pin: 'VCCO_11' of symbol 'VXS50BGA1136_F' was renamed to 'VCCO_12'
[W] Renamed duplicated pin: 'VCCO_11' of symbol 'VXS50BGA1136_F' was renamed to 'VCCO_13'
[W] Renamed duplicated pin: 'VCCO_12' of symbol 'VXS50BGA1136_G' was renamed to 'VCCO_13'
[W] Renamed duplicated pin: 'VCCO_12' of symbol 'VXS50BGA1136_G' was renamed to 'VCCO_14'
[W] Renamed duplicated pin: 'VCCO_13' of symbol 'VXS50BGA1136_H' was renamed to 'VCCO_14'
[W] Renamed duplicated pin: 'VCCO_13' of symbol 'VXS50BGA1136_H' was renamed to 'VCCO_15'
[W] Renamed duplicated pin: 'VCCO_15' of symbol 'VXS50BGA1136_I' was renamed to 'VCCO_16'
[W] Renamed duplicated pin: 'VCCO_15' of symbol 'VXS50BGA1136_I' was renamed to 'VCCO_17'
[W] Renamed duplicated pin: 'VCCO_17' of symbol 'VXS50BGA1136_J' was renamed to 'VCCO_18'
[W] Renamed duplicated pin: 'VCCO_17' of symbol 'VXS50BGA1136_J' was renamed to 'VCCO_19'
[W] Renamed duplicated pin: 'VCCO_18' of symbol 'VXS50BGA1136_K' was renamed to 'VCCO_19'
[W] Renamed duplicated pin: 'VCCO_18' of symbol 'VXS50BGA1136_K' was renamed to 'VCCO_20'
[W] Renamed duplicated pin: 'VCCO_19' of symbol 'VXS50BGA1136_L' was renamed to 'VCCO_20'
[W] Renamed duplicated pin: 'VCCO_19' of symbol 'VXS50BGA1136_L' was renamed to 'VCCO_21'
[W] Renamed duplicated pin: 'VCCO_20' of symbol 'VXS50BGA1136_M' was renamed to 'VCCO_21'
[W] Renamed duplicated pin: 'VCCO_20' of symbol 'VXS50BGA1136_M' was renamed to 'VCCO_22'
[W] Renamed duplicated pin: 'VCCO_21' of symbol 'VXS50BGA1136_N' was renamed to 'VCCO_22'
[W] Renamed duplicated pin: 'VCCO_21' of symbol 'VXS50BGA1136_N' was renamed to 'VCCO_23'
[W] Renamed duplicated pin: 'VCCO_22' of symbol 'VXS50BGA1136_O' was renamed to 'VCCO_23'
[W] Renamed duplicated pin: 'VCCO_22' of symbol 'VXS50BGA1136_O' was renamed to 'VCCO_24'
[W] Renamed duplicated pin: 'MGTAVCC_112' of symbol 'VXS50BGA1136_P' was renamed to 'MGTAVCC_113'
[W] Renamed duplicated pin: 'MGTAVTTTX_112' of symbol 'VXS50BGA1136_P' was renamed to 'MGTAVTTTX_113'
[W] Renamed duplicated pin: 'MGTAVCC_114' of symbol 'VXS50BGA1136_Q' was renamed to 'MGTAVCC_115'
[W] Renamed duplicated pin: 'MGTAVTTTX_114' of symbol 'VXS50BGA1136_Q' was renamed to 'MGTAVTTTX_115'
[W] Renamed duplicated pin: 'MGTAVCC_116' of symbol 'VXS50BGA1136_R' was renamed to 'MGTAVCC_117'
[W] Renamed duplicated pin: 'MGTAVTTTX_116' of symbol 'VXS50BGA1136_R' was renamed to 'MGTAVTTTX_117'
[W] Renamed duplicated pin: 'MGTAVCC_118' of symbol 'VXS50BGA1136_S' was renamed to 'MGTAVCC_119'
[W] Renamed duplicated pin: 'MGTAVTTTX_118' of symbol 'VXS50BGA1136_S' was renamed to 'MGTAVTTTX_119'
[W] Renamed duplicated pin: 'MGTAVCC_120' of symbol 'VXS50BGA1136_T' was renamed to 'MGTAVCC_121'
[W] Renamed duplicated pin: 'MGTAVTTTX_120' of symbol 'VXS50BGA1136_T' was renamed to 'MGTAVTTTX_121'
[W] Renamed duplicated pin: 'MGTAVCC_122' of symbol 'VXS50BGA1136_U' was renamed to 'MGTAVCC_123'
[W] Renamed duplicated pin: 'MGTAVTTTX_122' of symbol 'VXS50BGA1136_U' was renamed to 'MGTAVTTTX_123'
[W] Renamed duplicated pin: 'VCCAUX' of symbol 'VXS50BGA1136_V' was renamed to 'VCCAUX1'
[W] Renamed duplicated pin: 'VCCAUX' of symbol 'VXS50BGA1136_V' was renamed to 'VCCAUX2'
[W] Renamed duplicated pin: 'VCCAUX' of symbol 'VXS50BGA1136_V' was renamed to 'VCCAUX3'
[W] Renamed duplicated pin: 'VCCAUX' of symbol 'VXS50BGA1136_V' was renamed to 'VCCAUX4'
[W] Renamed duplicated pin: 'VCCAUX' of symbol 'VXS50BGA1136_V' was renamed to 'VCCAUX5'
[W] Renamed duplicated pin: 'VCCAUX' of symbol 'VXS50BGA1136_V' was renamed to 'VCCAUX6'
[W] Renamed duplicated pin: 'VCCAUX' of symbol 'VXS50BGA1136_V' was renamed to 'VCCAUX7'
[W] Renamed duplicated pin: 'VCCAUX' of symbol 'VXS50BGA1136_V' was renamed to 'VCCAUX8'
[W] Renamed duplicated pin: 'VCCAUX' of symbol 'VXS50BGA1136_V' was renamed to 'VCCAUX9'
[W] Renamed duplicated pin: 'VCCAUX' of symbol 'VXS50BGA1136_V' was renamed to 'VCCAUX10'
[W] Renamed duplicated pin: 'VCCAUX' of symbol 'VXS50BGA1136_V' was renamed to 'VCCAUX11'
[W] Renamed duplicated pin: 'VCCINT' of symbol 'VXS50BGA1136_V' was renamed to 'VCCINT1'
[W] Renamed duplicated pin: 'VCCINT' of symbol 'VXS50BGA1136_V' was renamed to 'VCCINT2'
[W] Renamed duplicated pin: 'VCCINT' of symbol 'VXS50BGA1136_V' was renamed to 'VCCINT3'
[W] Renamed duplicated pin: 'VCCINT' of symbol 'VXS50BGA1136_V' was renamed to 'VCCINT4'
[W] Renamed duplicated pin: 'VCCINT' of symbol 'VXS50BGA1136_V' was renamed to 'VCCINT5'
[W] Renamed duplicated pin: 'VCCINT' of symbol 'VXS50BGA1136_V' was renamed to 'VCCINT6'
[W] Renamed duplicated pin: 'VCCINT' of symbol 'VXS50BGA1136_V' was renamed to 'VCCINT7'
[W] Renamed duplicated pin: 'VCCINT' of symbol 'VXS50BGA1136_V' was renamed to 'VCCINT8'
[W] Renamed duplicated pin: 'VCCINT' of symbol 'VXS50BGA1136_V' was renamed to 'VCCINT9'
[W] Renamed duplicated pin: 'VCCINT' of symbol 'VXS50BGA1136_V' was renamed to 'VCCINT10'
[W] Renamed duplicated pin: 'VCCINT' of symbol 'VXS50BGA1136_V' was renamed to 'VCCINT11'
[W] Renamed duplicated pin: 'VCCINT' of symbol 'VXS50BGA1136_V' was renamed to 'VCCINT12'
[W] Renamed duplicated pin: 'VCCINT' of symbol 'VXS50BGA1136_V' was renamed to 'VCCINT13'
[W] Renamed duplicated pin: 'VCCINT' of symbol 'VXS50BGA1136_V' was renamed to 'VCCINT14'
[W] Renamed duplicated pin: 'VCCINT' of symbol 'VXS50BGA1136_V' was renamed to 'VCCINT15'
[W] Renamed duplicated pin: 'VCCINT' of symbol 'VXS50BGA1136_V' was renamed to 'VCCINT16'
[W] Renamed duplicated pin: 'VCCINT' of symbol 'VXS50BGA1136_V' was renamed to 'VCCINT17'
[W] Renamed duplicated pin: 'VCCINT' of symbol 'VXS50BGA1136_V' was renamed to 'VCCINT18'
[W] Renamed duplicated pin: 'VCCINT' of symbol 'VXS50BGA1136_V' was renamed to 'VCCINT19'
[W] Renamed duplicated pin: 'VCCINT' of symbol 'VXS50BGA1136_V' was renamed to 'VCCINT20'
[W] Renamed duplicated pin: 'VCCINT' of symbol 'VXS50BGA1136_V' was renamed to 'VCCINT21'
[W] Renamed duplicated pin: 'VCCINT' of symbol 'VXS50BGA1136_V' was renamed to 'VCCINT22'
[W] Renamed duplicated pin: 'VCCINT' of symbol 'VXS50BGA1136_V' was renamed to 'VCCINT23'
[W] Renamed duplicated pin: 'VCCINT' of symbol 'VXS50BGA1136_V' was renamed to 'VCCINT24'
[W] Renamed duplicated pin: 'VCCINT' of symbol 'VXS50BGA1136_V' was renamed to 'VCCINT25'
[W] Renamed duplicated pin: 'VCCINT' of symbol 'VXS50BGA1136_V' was renamed to 'VCCINT26'
[W] Renamed duplicated pin: 'VCCINT' of symbol 'VXS50BGA1136_V' was renamed to 'VCCINT27'
[W] Renamed duplicated pin: 'VCCINT' of symbol 'VXS50BGA1136_V' was renamed to 'VCCINT28'
[W] Renamed duplicated pin: 'VCCINT' of symbol 'VXS50BGA1136_V' was renamed to 'VCCINT29'
[W] Renamed duplicated pin: 'VCCINT' of symbol 'VXS50BGA1136_V' was renamed to 'VCCINT30'
[W] Renamed duplicated pin: 'VCCINT' of symbol 'VXS50BGA1136_V' was renamed to 'VCCINT31'
[W] Renamed duplicated pin: 'VCCINT' of symbol 'VXS50BGA1136_V' was renamed to 'VCCINT32'
[W] Renamed duplicated pin: 'VCCINT' of symbol 'VXS50BGA1136_V' was renamed to 'VCCINT33'
[W] Renamed duplicated pin: 'VCCINT' of symbol 'VXS50BGA1136_V' was renamed to 'VCCINT34'
[W] Renamed duplicated pin: 'VCCINT' of symbol 'VXS50BGA1136_V' was renamed to 'VCCINT35'
[W] Renamed duplicated pin: 'VCCINT' of symbol 'VXS50BGA1136_V' was renamed to 'VCCINT36'
[W] Renamed duplicated pin: 'VCCINT' of symbol 'VXS50BGA1136_V' was renamed to 'VCCINT37'
[W] Renamed duplicated pin: 'VCCINT' of symbol 'VXS50BGA1136_V' was renamed to 'VCCINT38'
[W] Renamed duplicated pin: 'VCCINT' of symbol 'VXS50BGA1136_V' was renamed to 'VCCINT39'
[W] Renamed duplicated pin: 'VCCINT' of symbol 'VXS50BGA1136_V' was renamed to 'VCCINT40'
[W] Renamed duplicated pin: 'VCCINT' of symbol 'VXS50BGA1136_V' was renamed to 'VCCINT41'
[W] Renamed duplicated pin: 'VCCINT' of symbol 'VXS50BGA1136_V' was renamed to 'VCCINT42'
[W] Renamed duplicated pin: 'VCCINT' of symbol 'VXS50BGA1136_V' was renamed to 'VCCINT43'
[W] Renamed duplicated pin: 'VCCINT' of symbol 'VXS50BGA1136_V' was renamed to 'VCCINT44'
[W] Renamed duplicated pin: 'VCCINT' of symbol 'VXS50BGA1136_V' was renamed to 'VCCINT45'
[W] Renamed duplicated pin: 'VCCINT' of symbol 'VXS50BGA1136_V' was renamed to 'VCCINT46'
[W] Renamed duplicated pin: 'VCCINT' of symbol 'VXS50BGA1136_V' was renamed to 'VCCINT47'
[W] Renamed duplicated pin: 'VCCINT' of symbol 'VXS50BGA1136_V' was renamed to 'VCCINT48'
[W] Renamed duplicated pin: 'VCCINT' of symbol 'VXS50BGA1136_V' was renamed to 'VCCINT49'
[W] Renamed duplicated pin: 'VCCINT' of symbol 'VXS50BGA1136_V' was renamed to 'VCCINT50'
[W] Renamed duplicated pin: 'VCCINT' of symbol 'VXS50BGA1136_V' was renamed to 'VCCINT51'
[W] Renamed duplicated pin: 'VCCINT' of symbol 'VXS50BGA1136_V' was renamed to 'VCCINT52'
[W] Renamed duplicated pin: 'VCCINT' of symbol 'VXS50BGA1136_V' was renamed to 'VCCINT53'
[W] Renamed duplicated pin: 'VCCO_5' of symbol 'VXS50BGA1136_V' was renamed to 'VCCO_6'
[W] Renamed duplicated pin: 'VCCO_5' of symbol 'VXS50BGA1136_V' was renamed to 'VCCO_7'
[W] Renamed duplicated pin: 'VCCO_6' of symbol 'VXS50BGA1136_V' was renamed to 'VCCO_8'
[W] Renamed duplicated pin: 'VCCO_6' of symbol 'VXS50BGA1136_V' was renamed to 'VCCO_9'
[W] Renamed duplicated pin: 'VCCO_6' of symbol 'VXS50BGA1136_V' was renamed to 'VCCO_10'
[W] Renamed duplicated pin: 'VCCO_23' of symbol 'VXS50BGA1136_V' was renamed to 'VCCO_24'
[W] Renamed duplicated pin: 'VCCO_23' of symbol 'VXS50BGA1136_V' was renamed to 'VCCO_25'
[W] Renamed duplicated pin: 'VCCO_25' of symbol 'VXS50BGA1136_V' was renamed to 'VCCO_26'
[W] Renamed duplicated pin: 'VCCO_25' of symbol 'VXS50BGA1136_V' was renamed to 'VCCO_27'
[W] Renamed duplicated pin: 'VCCO_25' of symbol 'VXS50BGA1136_V' was renamed to 'VCCO_28'
[W] Renamed duplicated pin: 'GND' of symbol 'VXS50BGA1136_W' was renamed to 'GND1'
[W] Renamed duplicated pin: 'GND' of symbol 'VXS50BGA1136_W' was renamed to 'GND2'
[W] Renamed duplicated pin: 'GND' of symbol 'VXS50BGA1136_W' was renamed to 'GND3'
[W] Renamed duplicated pin: 'GND' of symbol 'VXS50BGA1136_W' was renamed to 'GND4'
[W] Renamed duplicated pin: 'GND' of symbol 'VXS50BGA1136_W' was renamed to 'GND5'
[W] Renamed duplicated pin: 'GND' of symbol 'VXS50BGA1136_W' was renamed to 'GND6'
[W] Renamed duplicated pin: 'GND' of symbol 'VXS50BGA1136_W' was renamed to 'GND7'
[W] Renamed duplicated pin: 'GND' of symbol 'VXS50BGA1136_W' was renamed to 'GND8'
[W] Renamed duplicated pin: 'GND' of symbol 'VXS50BGA1136_W' was renamed to 'GND9'
[W] Renamed duplicated pin: 'GND' of symbol 'VXS50BGA1136_W' was renamed to 'GND10'
[W] Renamed duplicated pin: 'GND' of symbol 'VXS50BGA1136_W' was renamed to 'GND11'
[W] Renamed duplicated pin: 'GND' of symbol 'VXS50BGA1136_W' was renamed to 'GND12'
[W] Renamed duplicated pin: 'GND' of symbol 'VXS50BGA1136_W' was renamed to 'GND13'
[W] Renamed duplicated pin: 'GND' of symbol 'VXS50BGA1136_W' was renamed to 'GND14'
[W] Renamed duplicated pin: 'GND' of symbol 'VXS50BGA1136_W' was renamed to 'GND15'
[W] Renamed duplicated pin: 'GND' of symbol 'VXS50BGA1136_W' was renamed to 'GND16'
[W] Renamed duplicated pin: 'GND' of symbol 'VXS50BGA1136_W' was renamed to 'GND17'
[W] Renamed duplicated pin: 'GND' of symbol 'VXS50BGA1136_W' was renamed to 'GND18'
[W] Renamed duplicated pin: 'GND' of symbol 'VXS50BGA1136_W' was renamed to 'GND19'
[W] Renamed duplicated pin: 'GND' of symbol 'VXS50BGA1136_W' was renamed to 'GND20'
[W] Renamed duplicated pin: 'GND' of symbol 'VXS50BGA1136_W' was renamed to 'GND21'
[W] Renamed duplicated pin: 'GND' of symbol 'VXS50BGA1136_W' was renamed to 'GND22'
[W] Renamed duplicated pin: 'GND' of symbol 'VXS50BGA1136_W' was renamed to 'GND23'
[W] Renamed duplicated pin: 'GND' of symbol 'VXS50BGA1136_W' was renamed to 'GND24'
[W] Renamed duplicated pin: 'GND' of symbol 'VXS50BGA1136_W' was renamed to 'GND25'
[W] Renamed duplicated pin: 'GND' of symbol 'VXS50BGA1136_W' was renamed to 'GND26'
[W] Renamed duplicated pin: 'GND' of symbol 'VXS50BGA1136_W' was renamed to 'GND27'
[W] Renamed duplicated pin: 'GND' of symbol 'VXS50BGA1136_W' was renamed to 'GND28'
[W] Renamed duplicated pin: 'GND' of symbol 'VXS50BGA1136_W' was renamed to 'GND29'
[W] Renamed duplicated pin: 'GND' of symbol 'VXS50BGA1136_W' was renamed to 'GND30'
[W] Renamed duplicated pin: 'GND' of symbol 'VXS50BGA1136_W' was renamed to 'GND31'
[W] Renamed duplicated pin: 'GND' of symbol 'VXS50BGA1136_W' was renamed to 'GND32'
[W] Renamed duplicated pin: 'GND' of symbol 'VXS50BGA1136_W' was renamed to 'GND33'
[W] Renamed duplicated pin: 'GND' of symbol 'VXS50BGA1136_W' was renamed to 'GND34'
[W] Renamed duplicated pin: 'GND' of symbol 'VXS50BGA1136_W' was renamed to 'GND35'
[W] Renamed duplicated pin: 'GND' of symbol 'VXS50BGA1136_W' was renamed to 'GND36'
[W] Renamed duplicated pin: 'GND' of symbol 'VXS50BGA1136_W' was renamed to 'GND37'
[W] Renamed duplicated pin: 'GND' of symbol 'VXS50BGA1136_W' was renamed to 'GND38'
[W] Renamed duplicated pin: 'GND' of symbol 'VXS50BGA1136_W' was renamed to 'GND39'
[W] Renamed duplicated pin: 'GND' of symbol 'VXS50BGA1136_W' was renamed to 'GND40'
[W] Renamed duplicated pin: 'GND' of symbol 'VXS50BGA1136_W' was renamed to 'GND41'
[W] Renamed duplicated pin: 'GND' of symbol 'VXS50BGA1136_W' was renamed to 'GND42'
[W] Renamed duplicated pin: 'GND' of symbol 'VXS50BGA1136_W' was renamed to 'GND43'
[W] Renamed duplicated pin: 'GND' of symbol 'VXS50BGA1136_W' was renamed to 'GND44'
[W] Renamed duplicated pin: 'GND' of symbol 'VXS50BGA1136_W' was renamed to 'GND45'
[W] Renamed duplicated pin: 'GND' of symbol 'VXS50BGA1136_W' was renamed to 'GND46'
[W] Renamed duplicated pin: 'GND' of symbol 'VXS50BGA1136_W' was renamed to 'GND47'
[W] Renamed duplicated pin: 'GND' of symbol 'VXS50BGA1136_W' was renamed to 'GND48'
[W] Renamed duplicated pin: 'GND' of symbol 'VXS50BGA1136_W' was renamed to 'GND49'
[W] Renamed duplicated pin: 'GND' of symbol 'VXS50BGA1136_W' was renamed to 'GND50'
[W] Renamed duplicated pin: 'GND' of symbol 'VXS50BGA1136_W' was renamed to 'GND51'
[W] Renamed duplicated pin: 'GND' of symbol 'VXS50BGA1136_W' was renamed to 'GND52'
[W] Renamed duplicated pin: 'GND' of symbol 'VXS50BGA1136_W' was renamed to 'GND53'
[W] Renamed duplicated pin: 'GND' of symbol 'VXS50BGA1136_W' was renamed to 'GND54'
[W] Renamed duplicated pin: 'GND' of symbol 'VXS50BGA1136_W' was renamed to 'GND55'
[W] Renamed duplicated pin: 'GND' of symbol 'VXS50BGA1136_W' was renamed to 'GND56'
[W] Renamed duplicated pin: 'GND' of symbol 'VXS50BGA1136_W' was renamed to 'GND57'
[W] Renamed duplicated pin: 'GND' of symbol 'VXS50BGA1136_W' was renamed to 'GND58'
[W] Renamed duplicated pin: 'GND' of symbol 'VXS50BGA1136_W' was renamed to 'GND59'
[W] Renamed duplicated pin: 'GND' of symbol 'VXS50BGA1136_W' was renamed to 'GND60'
[W] Renamed duplicated pin: 'GND' of symbol 'VXS50BGA1136_W' was renamed to 'GND61'
[W] Renamed duplicated pin: 'GND' of symbol 'VXS50BGA1136_W' was renamed to 'GND62'
[W] Renamed duplicated pin: 'GND' of symbol 'VXS50BGA1136_W' was renamed to 'GND63'
[W] Renamed duplicated pin: 'GND' of symbol 'VXS50BGA1136_W' was renamed to 'GND64'
[W] Renamed duplicated pin: 'GND' of symbol 'VXS50BGA1136_W' was renamed to 'GND65'
[W] Renamed duplicated pin: 'GND' of symbol 'VXS50BGA1136_W' was renamed to 'GND66'
[W] Renamed duplicated pin: 'GND' of symbol 'VXS50BGA1136_W' was renamed to 'GND67'
[W] Renamed duplicated pin: 'GND' of symbol 'VXS50BGA1136_W' was renamed to 'GND68'
[W] Renamed duplicated pin: 'GND' of symbol 'VXS50BGA1136_W' was renamed to 'GND69'
[W] Renamed duplicated pin: 'GND' of symbol 'VXS50BGA1136_W' was renamed to 'GND70'
[W] Renamed duplicated pin: 'GND' of symbol 'VXS50BGA1136_W' was renamed to 'GND71'
[W] Renamed duplicated pin: 'GND' of symbol 'VXS50BGA1136_W' was renamed to 'GND72'
[W] Renamed duplicated pin: 'GND' of symbol 'VXS50BGA1136_W' was renamed to 'GND73'
[W] Renamed duplicated pin: 'GND' of symbol 'VXS50BGA1136_W' was renamed to 'GND74'
[W] Renamed duplicated pin: 'GND' of symbol 'VXS50BGA1136_W' was renamed to 'GND75'
[W] Renamed duplicated pin: 'GND' of symbol 'VXS50BGA1136_W' was renamed to 'GND76'
[W] Renamed duplicated pin: 'GND' of symbol 'VXS50BGA1136_W' was renamed to 'GND77'
[W] Renamed duplicated pin: 'GND' of symbol 'VXS50BGA1136_W' was renamed to 'GND78'
[W] Renamed duplicated pin: 'GND' of symbol 'VXS50BGA1136_W' was renamed to 'GND79'
[W] Renamed duplicated pin: 'GND' of symbol 'VXS50BGA1136_W' was renamed to 'GND80'
[W] Renamed duplicated pin: 'GND' of symbol 'VXS50BGA1136_W' was renamed to 'GND81'
[W] Renamed duplicated pin: 'GND' of symbol 'VXS50BGA1136_W' was renamed to 'GND82'
[W] Renamed duplicated pin: 'GND' of symbol 'VXS50BGA1136_W' was renamed to 'GND83'
[W] Renamed duplicated pin: 'GND' of symbol 'VXS50BGA1136_W' was renamed to 'GND84'
[W] Renamed duplicated pin: 'GND' of symbol 'VXS50BGA1136_W' was renamed to 'GND85'
[W] Renamed duplicated pin: 'GND' of symbol 'VXS50BGA1136_W' was renamed to 'GND86'
[W] Renamed duplicated pin: 'GND' of symbol 'VXS50BGA1136_W' was renamed to 'GND87'
[W] Renamed duplicated pin: 'GND' of symbol 'VXS50BGA1136_W' was renamed to 'GND88'
[W] Renamed duplicated pin: 'GND' of symbol 'VXS50BGA1136_W' was renamed to 'GND89'
[W] Renamed duplicated pin: 'GND' of symbol 'VXS50BGA1136_W' was renamed to 'GND90'
[W] Renamed duplicated pin: 'GND' of symbol 'VXS50BGA1136_W' was renamed to 'GND91'
[W] Renamed duplicated pin: 'GND' of symbol 'VXS50BGA1136_W' was renamed to 'GND92'
[W] Renamed duplicated pin: 'GND' of symbol 'VXS50BGA1136_W' was renamed to 'GND93'
[W] Renamed duplicated pin: 'GND' of symbol 'VXS50BGA1136_W' was renamed to 'GND94'
[W] Renamed duplicated pin: 'GND' of symbol 'VXS50BGA1136_W' was renamed to 'GND95'
[W] Renamed duplicated pin: 'GND' of symbol 'VXS50BGA1136_W' was renamed to 'GND96'
[W] Renamed duplicated pin: 'GND' of symbol 'VXS50BGA1136_W' was renamed to 'GND97'
[W] Renamed duplicated pin: 'GND' of symbol 'VXS50BGA1136_W' was renamed to 'GND98'
[W] Renamed duplicated pin: 'GND' of symbol 'VXS50BGA1136_W' was renamed to 'GND99'
[W] Renamed duplicated pin: 'GND' of symbol 'VXS50BGA1136_W' was renamed to 'GND100'
[W] Renamed duplicated pin: 'GND' of symbol 'VXS50BGA1136_W' was renamed to 'GND101'
[W] Renamed duplicated pin: 'GND' of symbol 'VXS50BGA1136_W' was renamed to 'GND102'
[W] Renamed duplicated pin: 'GND' of symbol 'VXS50BGA1136_W' was renamed to 'GND103'
[W] Renamed duplicated pin: 'GND' of symbol 'VXS50BGA1136_W' was renamed to 'GND104'
[W] Renamed duplicated pin: 'GND' of symbol 'VXS50BGA1136_W' was renamed to 'GND105'
[W] Renamed duplicated pin: 'GND' of symbol 'VXS50BGA1136_W' was renamed to 'GND106'
[W] Renamed duplicated pin: 'GND' of symbol 'VXS50BGA1136_W' was renamed to 'GND107'
[W] Renamed duplicated pin: 'GND' of symbol 'VXS50BGA1136_W' was renamed to 'GND108'
[W] Renamed duplicated pin: 'GND' of symbol 'VXS50BGA1136_W' was renamed to 'GND109'
[W] Renamed duplicated pin: 'GND' of symbol 'VXS50BGA1136_W' was renamed to 'GND110'
[W] Renamed duplicated pin: 'GND' of symbol 'VXS50BGA1136_W' was renamed to 'GND111'
[W] Renamed duplicated pin: 'GND' of symbol 'VXS50BGA1136_W' was renamed to 'GND112'
[W] Renamed duplicated pin: 'GND' of symbol 'VXS50BGA1136_W' was renamed to 'GND113'
[W] Renamed duplicated pin: 'GND' of symbol 'VXS50BGA1136_W' was renamed to 'GND114'
[W] Renamed duplicated pin: 'GND' of symbol 'VXS50BGA1136_W' was renamed to 'GND115'
[W] Renamed duplicated pin: 'GND' of symbol 'VXS50BGA1136_W' was renamed to 'GND116'
[W] Renamed duplicated pin: 'GND' of symbol 'VXS50BGA1136_W' was renamed to 'GND117'
[W] Renamed duplicated pin: 'GND' of symbol 'VXS50BGA1136_W' was renamed to 'GND118'
[W] Renamed duplicated pin: 'GND' of symbol 'VXS50BGA1136_W' was renamed to 'GND119'
[W] Renamed duplicated pin: 'GND' of symbol 'VXS50BGA1136_W' was renamed to 'GND120'
[W] Renamed duplicated pin: 'GND' of symbol 'VXS50BGA1136_W' was renamed to 'GND121'
[W] Renamed duplicated pin: 'GND' of symbol 'VXS50BGA1136_W' was renamed to 'GND122'
[W] Renamed duplicated pin: 'GND' of symbol 'VXS50BGA1136_W' was renamed to 'GND123'
[W] Renamed duplicated pin: 'GND' of symbol 'VXS50BGA1136_W' was renamed to 'GND124'
[W] Renamed duplicated pin: 'GND' of symbol 'VXS50BGA1136_W' was renamed to 'GND125'
[W] Renamed duplicated pin: 'GND' of symbol 'VXS50BGA1136_W' was renamed to 'GND126'
[W] Renamed duplicated pin: 'GND' of symbol 'VXS50BGA1136_W' was renamed to 'GND127'
[W] Renamed duplicated pin: 'GND' of symbol 'VXS50BGA1136_W' was renamed to 'GND128'
[W] Renamed duplicated pin: 'GND' of symbol 'VXS50BGA1136_W' was renamed to 'GND129'
[W] Renamed duplicated pin: 'GND' of symbol 'VXS50BGA1136_W' was renamed to 'GND130'
[W] Renamed duplicated pin: 'GND' of symbol 'VXS50BGA1136_W' was renamed to 'GND131'
[W] Renamed duplicated pin: 'GND' of symbol 'VXS50BGA1136_W' was renamed to 'GND132'
[W] Renamed duplicated pin: 'GND' of symbol 'VXS50BGA1136_W' was renamed to 'GND133'
[W] Renamed duplicated pin: 'GND' of symbol 'VXS50BGA1136_W' was renamed to 'GND134'
[W] Renamed duplicated pin: 'GND' of symbol 'VXS50BGA1136_W' was renamed to 'GND135'
[W] Renamed duplicated pin: 'GND' of symbol 'VXS50BGA1136_W' was renamed to 'GND136'
[W] Renamed duplicated pin: 'GND' of symbol 'VXS50BGA1136_W' was renamed to 'GND137'
[W] Renamed duplicated pin: 'GND' of symbol 'VXS50BGA1136_W' was renamed to 'GND138'
[W] Renamed duplicated pin: 'GND' of symbol 'VXS50BGA1136_W' was renamed to 'GND139'
[W] Renamed duplicated pin: 'GND' of symbol 'VXS50BGA1136_W' was renamed to 'GND140'
[W] Renamed duplicated pin: 'GND' of symbol 'VXS50BGA1136_W' was renamed to 'GND141'
[W] Renamed duplicated pin: 'GND' of symbol 'VXS50BGA1136_W' was renamed to 'GND142'
[W] Renamed duplicated pin: 'GND' of symbol 'VXS50BGA1136_W' was renamed to 'GND143'
[W] Renamed duplicated pin: 'GND' of symbol 'VXS50BGA1136_W' was renamed to 'GND144'
[W] Renamed duplicated pin: 'GND' of symbol 'VXS50BGA1136_W' was renamed to 'GND145'
[W] Renamed duplicated pin: 'GND' of symbol 'VXS50BGA1136_W' was renamed to 'GND146'
[W] Renamed duplicated pin: 'GND' of symbol 'VXS50BGA1136_W' was renamed to 'GND147'
[W] Renamed duplicated pin: 'GND' of symbol 'VXS50BGA1136_W' was renamed to 'GND148'
[W] Renamed duplicated pin: 'GND' of symbol 'VXS50BGA1136_W' was renamed to 'GND149'
[W] Renamed duplicated pin: 'GND' of symbol 'VXS50BGA1136_W' was renamed to 'GND150'
[W] Renamed duplicated pin: 'GND' of symbol 'VXS50BGA1136_W' was renamed to 'GND151'
[W] Renamed duplicated pin: 'GND' of symbol 'VXS50BGA1136_W' was renamed to 'GND152'
[W] Renamed duplicated pin: 'GND' of symbol 'VXS50BGA1136_W' was renamed to 'GND153'
[W] Renamed duplicated pin: 'GND' of symbol 'VXS50BGA1136_W' was renamed to 'GND154'
[W] Renamed duplicated pin: 'GND' of symbol 'VXS50BGA1136_W' was renamed to 'GND155'
[W] Renamed duplicated pin: 'GND' of symbol 'VXS50BGA1136_W' was renamed to 'GND156'
[W] Renamed duplicated pin: 'GND' of symbol 'VXS50BGA1136_W' was renamed to 'GND157'
[W] Renamed duplicated pin: 'GND' of symbol 'VXS50BGA1136_W' was renamed to 'GND158'
[W] Renamed duplicated pin: 'GND' of symbol 'VXS50BGA1136_W' was renamed to 'GND159'
[W] Renamed duplicated pin: 'GND' of symbol 'VXS50BGA1136_W' was renamed to 'GND160'
[W] Renamed duplicated pin: 'GND' of symbol 'VXS50BGA1136_W' was renamed to 'GND161'
[W] Renamed duplicated pin: 'GND' of symbol 'VXS50BGA1136_W' was renamed to 'GND162'
[W] Renamed duplicated pin: 'GND' of symbol 'VXS50BGA1136_W' was renamed to 'GND163'
[W] Renamed duplicated pin: 'GND' of symbol 'VXS50BGA1136_W' was renamed to 'GND164'
[W] Renamed duplicated pin: 'GND' of symbol 'VXS50BGA1136_W' was renamed to 'GND165'
[W] Renamed duplicated pin: 'GND' of symbol 'VXS50BGA1136_W' was renamed to 'GND166'
[W] Renamed duplicated pin: 'GND' of symbol 'VXS50BGA1136_W' was renamed to 'GND167'
[W] Renamed duplicated pin: 'GND' of symbol 'VXS50BGA1136_W' was renamed to 'GND168'
[W] Renamed duplicated pin: 'GND' of symbol 'VXS50BGA1136_W' was renamed to 'GND169'
[W] Renamed duplicated pin: 'GND' of symbol 'VXS50BGA1136_W' was renamed to 'GND170'
[W] Renamed duplicated pin: 'GND' of symbol 'VXS50BGA1136_W' was renamed to 'GND171'
[W] Renamed duplicated pin: 'GND' of symbol 'VXS50BGA1136_W' was renamed to 'GND172'
[W] Renamed duplicated pin: 'GND' of symbol 'VXS50BGA1136_W' was renamed to 'GND173'
[W] Renamed duplicated pin: 'GND' of symbol 'VXS50BGA1136_W' was renamed to 'GND174'
[W] Renamed duplicated pin: 'GND' of symbol 'VXS50BGA1136_W' was renamed to 'GND175'
[W] Renamed duplicated pin: 'GND' of symbol 'VXS50BGA1136_W' was renamed to 'GND176'
[W] Renamed duplicated pin: 'GND' of symbol 'VXS50BGA1136_W' was renamed to 'GND177'
[W] Renamed duplicated pin: 'GND' of symbol 'VXS50BGA1136_W' was renamed to 'GND178'
[W] Renamed duplicated pin: 'GND' of symbol 'VXS50BGA1136_W' was renamed to 'GND179'
[W] Renamed duplicated pin: 'GND' of symbol 'VXS50BGA1136_W' was renamed to 'GND180'
[W] Renamed duplicated pin: 'GND' of symbol 'VXS50BGA1136_W' was renamed to 'GND181'
[W] Renamed duplicated pin: 'GND' of symbol 'VXS50BGA1136_W' was renamed to 'GND182'
[W] Renamed duplicated pin: 'GND' of symbol 'VXS50BGA1136_W' was renamed to 'GND183'
[W] Renamed duplicated pin: 'GND' of symbol 'VXS50BGA1136_W' was renamed to 'GND184'
[W] Renamed duplicated pin: 'GND' of symbol 'VXS50BGA1136_W' was renamed to 'GND185'
[W] Renamed duplicated pin: 'GND' of symbol 'VXS50BGA1136_W' was renamed to 'GND186'
[W] Renamed duplicated pin: 'GND' of symbol 'VXS50BGA1136_W' was renamed to 'GND187'
[W] Renamed duplicated pin: 'GND' of symbol 'VXS50BGA1136_W' was renamed to 'GND188'
[W] Renamed duplicated pin: 'GND' of symbol 'VXS50BGA1136_W' was renamed to 'GND189'
[W] Renamed duplicated pin: 'GND' of symbol 'VXS50BGA1136_W' was renamed to 'GND190'
[W] Renamed duplicated pin: 'GND' of symbol 'VXS50BGA1136_W' was renamed to 'GND191'
[W] Renamed duplicated pin: 'GND' of symbol 'VXS50BGA1136_W' was renamed to 'GND192'
[W] Renamed duplicated pin: 'GND' of symbol 'VXS50BGA1136_W' was renamed to 'GND193'
[W] Renamed duplicated pin: 'GND' of symbol 'VXS50BGA1136_W' was renamed to 'GND194'
[W] Renamed duplicated pin: 'GND' of symbol 'VXS50BGA1136_W' was renamed to 'GND195'
[W] Renamed duplicated pin: 'GND' of symbol 'VXS50BGA1136_W' was renamed to 'GND196'
[W] Renamed duplicated pin: 'GND' of symbol 'VXS50BGA1136_W' was renamed to 'GND197'
[W] Renamed duplicated pin: 'GND' of symbol 'VXS50BGA1136_W' was renamed to 'GND198'
[W] Renamed duplicated pin: 'GND' of symbol 'VXS50BGA1136_W' was renamed to 'GND199'
[W] Renamed duplicated pin: 'GND' of symbol 'VXS50BGA1136_W' was renamed to 'GND200'
[W] Renamed duplicated pin: 'GND' of symbol 'VXS50BGA1136_W' was renamed to 'GND201'
[W] Renamed duplicated pin: 'GND' of symbol 'VXS50BGA1136_W' was renamed to 'GND202'
[W] Renamed duplicated pin: 'GND' of symbol 'VXS50BGA1136_W' was renamed to 'GND203'
[W] Renamed duplicated pin: 'GND' of symbol 'VXS50BGA1136_W' was renamed to 'GND204'
[W] Renamed duplicated pin: 'GND' of symbol 'VXS50BGA1136_W' was renamed to 'GND205'
[W] Renamed duplicated pin: 'GND' of symbol 'VXS50BGA1136_W' was renamed to 'GND206'
[W] Renamed duplicated pin: 'GND' of symbol 'VXS50BGA1136_W' was renamed to 'GND207'
[W] Renamed duplicated pin: 'GND' of symbol 'VXS50BGA1136_W' was renamed to 'GND208'
[W] Renamed duplicated pin: 'GND' of symbol 'VXS50BGA1136_W' was renamed to 'GND209'
[W] Renamed duplicated pin: 'GND' of symbol 'VXS50BGA1136_W' was renamed to 'GND210'
[W] Renamed duplicated pin: 'GND' of symbol 'VXS50BGA1136_W' was renamed to 'GND211'
[W] Renamed duplicated pin: 'GND' of symbol 'VXS50BGA1136_W' was renamed to 'GND212'
[W] Renamed duplicated pin: 'GND' of symbol 'VXS50BGA1136_W' was renamed to 'GND213'
[W] Renamed duplicated pin: 'GND' of symbol 'VXS50BGA1136_W' was renamed to 'GND214'
[W] Renamed duplicated pin: 'GND' of symbol 'VXS50BGA1136_W' was renamed to 'GND215'
[W] Renamed duplicated pin: 'GND' of symbol 'VXS50BGA1136_W' was renamed to 'GND216'
[W] Renamed duplicated pin: 'GND' of symbol 'VXS50BGA1136_W' was renamed to 'GND217'
[W] Renamed duplicated pin: 'GND' of symbol 'VXS50BGA1136_W' was renamed to 'GND218'
[W] Renamed duplicated pin: 'SHIELD' of symbol 'BNC_0' was renamed to 'SHIELD1'
[W] Renamed duplicated pin: 'SHIELD' of symbol 'BNC_0' was renamed to 'SHIELD2'
[W] Renamed duplicated pin: 'SHIELD' of symbol 'BNC_0' was renamed to 'SHIELD3'
[W] Skipped Error Marker symbol: at 1820, 310
[W] Skipped Error Marker symbol: at 1820, 390
[W] Skipped Error Marker symbol: at 1820, 350
[W] Skipped Error Marker symbol: at 730, 550
[W] Skipped Error Marker symbol: at 730, 550
[W] Skipped Error Marker symbol: at 270, 1360
[W] Skipped Error Marker symbol: at 270, 1400
[W] Skipped Error Marker symbol: at 760, 800
[W] Skipped Error Marker symbol: at 760, 800
[W] Skipped Error Marker symbol: at 540, 290
[W] Skipped Error Marker symbol: at 1470, 1480
[W] Skipped Error Marker symbol: at 540, 370
[W] Skipped Error Marker symbol: at 540, 330
[W] Skipped Error Marker symbol: at 540, 250
[W] Skipped Error Marker symbol: at 1920, 1080
[W] Skipped Error Marker symbol: at 1920, 1080
[I] Created Pinorder file for symbol: VXS50BGA1136_I
[I] Created Pinorder file for symbol: VXS50BGA1136_J
[I] Created Pinorder file for symbol: VXS50BGA1136_K
[I] Created Pinorder file for symbol: VXS50BGA1136_L
[I] Created Pinorder file for symbol: VXS50BGA1136_M
[I] Created Pinorder file for symbol: VXS50BGA1136_N
[I] Created Pinorder file for symbol: VXS50BGA1136_O
[I] Created Pinorder file for symbol: VXS50BGA1136_P
[I] Created Pinorder file for symbol: VXS50BGA1136_Q
[I] Created Pinorder file for symbol: VXS50BGA1136_R
[I] Created Pinorder file for symbol: VXS50BGA1136_S
[I] Created Pinorder file for symbol: VXS50BGA1136_T
[I] Created Pinorder file for symbol: VXS50BGA1136_U
[I] Created Pinorder file for symbol: VXS50BGA1136_V
[I] Created Pinorder file for symbol: VXS50BGA1136_W
[I] Created Pinorder file for symbol: ZDOK40_A
[I] Created Pinorder file for symbol: XCF32PV048
[I] Created Pinorder file for symbol: ZDOK40_B
[I] Created Pinorder file for symbol: VXS50BGA1136_A
[I] Created Pinorder file for symbol: LTX971A
[I] Created Pinorder file for symbol: VXS50BGA1136_B
[I] Created Pinorder file for symbol: VXS50BGA1136_C
[I] Created Pinorder file for symbol: VXS50BGA1136_D
[I] Created Pinorder file for symbol: VXS50BGA1136_E
[I] Created Pinorder file for symbol: VXS50BGA1136_F
[I] Created Pinorder file for symbol: VXS50BGA1136_G
[I] Created Pinorder file for symbol: VXS50BGA1136_H
[O] Created 59 symbol(s) and 4 schematic sheet(s)
0 error(s) and 377 warning(s) found
Finished on 2007/05/29 at 11:28:09 AM.
--------------------------------------------------------------------------------
Total: 0 warning(s), 0 error(s)
