Created directory D:\temp 

 GROUP: QDR2P_POWER
In check_sym_exists......

In get_qlm_id.., tmpfname:QDR2P_POWER
Looking for Symbol.....
Lib name: C:\PCBLibs\SKASYMGEN
In check_sym_exists......

Checking TOP level symbol roach_qdr2_power
In check_sym_exists......

Checking TOP level symbol roach_qdr2_power
In check_sym_exists......

Checking TOP level symbol roach_qdr2_power
In check_sym_exists......

Checking TOP level symbol roach_qdr2_power
In check_sym_exists......

Checking TOP level symbol roach_qdr2_power
In check_sym_exists......

Checking TOP level symbol roach_qdr2_power
In dir_is_primary ...
 No Directory, ie. empty list so far ...
Added library directory to the list ..

 GROUP: CAP
In check_sym_exists......

In get_qlm_id.., tmpfname:CAP
Looking for Symbol.....
Lib name: C:\PCBLibs\Mentor\analog\analog
In check_sym_exists......

Checking TOP level symbol roach_qdr2_power
In check_sym_exists......

Checking TOP level symbol roach_qdr2_power
In check_sym_exists......

Checking TOP level symbol roach_qdr2_power
In check_sym_exists......

Checking TOP level symbol roach_qdr2_power
In check_sym_exists......

Checking TOP level symbol roach_qdr2_power
In check_sym_exists......

Checking TOP level symbol roach_qdr2_power
In dir_is_primary ...
Added library directory to the list ..

 GROUP: ROACH_QDR2_POWER
In check_sym_exists......

Checking TOP level symbol roach_qdr2_power
In get_qlm_id.., tmpfname:ROACH_QDR2_POWER
Looking for Schematic.....
Lib name: D:\ROACH\elec\roach
SCHEMATIC exists for ROACH_QDR2_POWER
Schematic number 0 for ROACH_QDR2_POWER
In check_sym_exists......

Checking TOP level symbol roach_qdr2_power
In check_sym_exists......

Checking TOP level symbol roach_qdr2_power
In check_sym_exists......

Checking TOP level symbol roach_qdr2_power
In check_sym_exists......

Checking TOP level symbol roach_qdr2_power
In check_sym_exists......

Checking TOP level symbol roach_qdr2_power
In check_sym_exists......

Checking TOP level symbol roach_qdr2_power
In check_sym_exists......

Checking TOP level symbol roach_qdr2_power
In dir_is_primary ...
Current dir_id is that of primary directory
Found match for directory in list. 
Found match for directory in list. 
Added library directory to the list ..
Added library directory to the list ..
Added library directory to the list ..
Added library directory to the list ..
Added library directory to the list ..
Added library directory to the list ..

 INFO: Copying schematics and symbols to D:\temp ...
Value of num_of_sheets is ..1
Copying sheet # 1 ... 
Copied D:\ROACH\elec\roach\sch\roach_qdr2_power.1 to D:\temp\sch\roach_qdr2_power.1
Copied D:\ROACH\elec\roach\sch\roach_qdr2_power.oat to D:\temp\sch\roach_qdr2_power.oat
Value of num_of_sheets is ..1
Copying sheet # 1 ... 
Copied D:\ROACH\elec\roach\wir\roach_qdr2_power.1 to D:\temp\wir\roach_qdr2_power.1
Value of num_of_sheets is ..999
Copying sheet # 1 ... 
mega C:\PCBLibs\Mentor\analog\analog
Parsing "C:\PCBLibs\Mentor\analog\analog\sym.tbl" file.
Copying sheet # 2 ... 
mega C:\PCBLibs\Mentor\analog\analog
Parsing "C:\PCBLibs\Mentor\analog\analog\sym.tbl" file.
Copying sheet # 3 ... 
mega C:\PCBLibs\Mentor\analog\analog
Parsing "C:\PCBLibs\Mentor\analog\analog\sym.tbl" file.
Copying sheet # 4 ... 
mega C:\PCBLibs\Mentor\analog\analog
Parsing "C:\PCBLibs\Mentor\analog\analog\sym.tbl" file.
Copying sheet # 5 ... 
mega C:\PCBLibs\Mentor\analog\analog
Parsing "C:\PCBLibs\Mentor\analog\analog\sym.tbl" file.
Copying sheet # 6 ... 
mega C:\PCBLibs\Mentor\analog\analog
Parsing "C:\PCBLibs\Mentor\analog\analog\sym.tbl" file.
Copying sheet # 7 ... 
mega C:\PCBLibs\Mentor\analog\analog
Parsing "C:\PCBLibs\Mentor\analog\analog\sym.tbl" file.
ERROR: Could not copy cap. 
Value of num_of_sheets is ..0
Value of num_of_sheets is ..999
Copying sheet # 1 ... 
Copied C:\PCBLibs\SKASYMGEN\sym\qdr2p_power.1 to D:\temp\skasymgen\sym\qdr2p_power.1
Copying sheet # 2 ... 
Copying sheet # 3 ... 
Copying sheet # 4 ... 
Copying sheet # 5 ... 
Copying sheet # 6 ... 
Copying sheet # 7 ... 
Value of num_of_sheets is ..0
Copied D:\ROACH\elec\roach\borders.ini to D:\temp\borders.ini
Copied D:\ROACH\elec\roach\roach.dproj to D:\temp\roach.dproj
Copied D:\ROACH\elec\roach\pads2007.cns to D:\temp\pads2007.cns
Copied D:\ROACH\elec\roach\conts.bc to D:\temp\conts.bc
Copied D:\ROACH\elec\roach\.svn\text-base\borders.ini.svn-base to D:\temp\.svn\text-base\borders.ini.svn-base
Copied D:\ROACH\elec\roach\.svn\text-base\conts.bc.svn-base to D:\temp\.svn\text-base\conts.bc.svn-base
Copied D:\ROACH\elec\roach\.svn\text-base\pads2007.cns.svn-base to D:\temp\.svn\text-base\pads2007.cns.svn-base
Copied D:\ROACH\elec\roach\.svn\text-base\unknown.err.svn-base to D:\temp\.svn\text-base\unknown.err.svn-base
Copied D:\ROACH\elec\roach\.svn\text-base\roach.dproj.svn-base to D:\temp\.svn\text-base\roach.dproj.svn-base
Copied D:\ROACH\elec\roach\.svn\text-base\viewdraw.ini.svn-base to D:\temp\.svn\text-base\viewdraw.ini.svn-base
Copied D:\ROACH\elec\roach\.svn\format to D:\temp\.svn\format
Copied D:\ROACH\elec\roach\.svn\all-wcprops to D:\temp\.svn\all-wcprops
Copied D:\ROACH\elec\roach\.svn\entries to D:\temp\.svn\entries
Copied D:\ROACH\elec\roach\viewgen.log to D:\temp\viewgen.log
Copied D:\ROACH\elec\roach\netlist.log to D:\temp\netlist.log
Copied D:\ROACH\elec\roach\unknown.err to D:\temp\unknown.err
Value of num_of_sheets is ..1
Copying sheet # 1 ... 
Parsing "C:\PCBLibs\Mentor\analog\analog\sym.tbl" file.
Value of num_of_sheets is ..1
Copying sheet # 1 ... 
Parsing "C:\PCBLibs\Mentor\analog\analog\sym.tbl" file.
Value of num_of_sheets is ..1
Copying sheet # 1 ... 
Parsing "C:\PCBLibs\Mentor\analog\analog\sym.tbl" file.
Value of num_of_sheets is ..1
Copying sheet # 1 ... 
Parsing "C:\PCBLibs\Mentor\analog\analog\sym.tbl" file.
Value of num_of_sheets is ..1
Copying sheet # 1 ... 
Parsing "C:\PCBLibs\Mentor\analog\analog\sym.tbl" file.
Value of num_of_sheets is ..1
Copying sheet # 1 ... 
Parsing "C:\PCBLibs\Mentor\analog\analog\sym.tbl" file.
Value of num_of_sheets is ..1
Copying sheet # 1 ... 
Parsing "C:\PCBLibs\Mentor\analog\analog\sym.tbl" file.
Value of num_of_sheets is ..1
Copying sheet # 1 ... 
Parsing "C:\PCBLibs\Mentor\analog\analog\sym.tbl" file.
Value of num_of_sheets is ..1
Copying sheet # 1 ... 
Parsing "C:\PCBLibs\Mentor\analog\analog\sym.tbl" file.
Value of num_of_sheets is ..1
Copying sheet # 1 ... 
Parsing "C:\PCBLibs\Mentor\analog\analog\sym.tbl" file.
Value of num_of_sheets is ..1
Copying sheet # 1 ... 
Parsing "C:\PCBLibs\Mentor\analog\analog\sym.tbl" file.
Value of num_of_sheets is ..1
Copying sheet # 1 ... 
Parsing "C:\PCBLibs\Mentor\analog\analog\sym.tbl" file.
Value of num_of_sheets is ..1
Copying sheet # 1 ... 
Parsing "C:\PCBLibs\Mentor\analog\analog\sym.tbl" file.
Value of num_of_sheets is ..1
Copying sheet # 1 ... 
Parsing "C:\PCBLibs\Mentor\analog\analog\sym.tbl" file.
Value of num_of_sheets is ..1
Copying sheet # 1 ... 
Value of num_of_sheets is ..1
Copying sheet # 1 ... 
Parsing "C:\PCBLibs\Mentor\analog\analog\sym.tbl" file.
Parsing "C:\PCBLibs\Mentor\simmods\builtin\sym.tbl" file.
ERROR: Could not copy roach_qdr2_power. 
Value of num_of_sheets is ..1
Copying sheet # 1 ... 
Copied C:\PCBLibs\SKASYMGEN\sym\QDR2P_JTAG.1 to D:\temp\sym\QDR2P_JTAG.1
Value of num_of_sheets is ..1
Copying sheet # 1 ... 
Copied C:\PCBLibs\SKASYMGEN\sym\QDR2P_POWER.1 to D:\temp\sym\QDR2P_POWER.1
Value of num_of_sheets is ..1
Copying sheet # 1 ... 
Value of num_of_sheets is ..1
Copying sheet # 1 ... 
Copied C:\PCBLibs\SKASYMGEN\sym\pwr.1 to D:\temp\SKASYMGEN\sym\pwr.1
Value of num_of_sheets is ..1
Copying sheet # 1 ... 
Value of num_of_sheets is ..1
Copying sheet # 1 ... 
Copied C:\PCBLibs\SKASYMGEN\sym\pwr.1 to D:\temp\SKASYMGEN\sym\pwr.1
Value of num_of_sheets is ..1
Copying sheet # 1 ... 
Value of num_of_sheets is ..1
Copying sheet # 1 ... 
Copied C:\PCBLibs\SKASYMGEN\sym\pwr.1 to D:\temp\SKASYMGEN\sym\pwr.1
Value of num_of_sheets is ..1
Copying sheet # 1 ... 
Parsing "C:\PCBLibs\Mentor\analog\analog\sym.tbl" file.
Value of num_of_sheets is ..1
Copying sheet # 1 ... 
Parsing "C:\PCBLibs\Mentor\analog\analog\sym.tbl" file.
Value of num_of_sheets is ..1
Copying sheet # 1 ... 
Parsing "C:\PCBLibs\Mentor\simmods\builtin\sym.tbl" file.
Value of num_of_sheets is ..1
Copying sheet # 1 ... 
Parsing "C:\PCBLibs\Mentor\simmods\builtin\sym.tbl" file.
Value of num_of_sheets is ..1
Copying sheet # 1 ... 
Parsing "C:\PCBLibs\Mentor\analog\analog\sym.tbl" file.
Value of num_of_sheets is ..1
Copying sheet # 1 ... 
Parsing "C:\PCBLibs\Mentor\analog\analog\sym.tbl" file.
Value of num_of_sheets is ..1
Copying sheet # 1 ... 
Parsing "C:\PCBLibs\Mentor\analog\analog\sym.tbl" file.
Value of num_of_sheets is ..1
Copying sheet # 1 ... 
Parsing "C:\PCBLibs\Mentor\analog\analog\sym.tbl" file.
Value of num_of_sheets is ..1
Copying sheet # 1 ... 
Parsing "C:\PCBLibs\Mentor\analog\analog\sym.tbl" file.
Value of num_of_sheets is ..1
Copying sheet # 1 ... 
Parsing "C:\PCBLibs\Mentor\analog\analog\sym.tbl" file.
Value of num_of_sheets is ..1
Copying sheet # 1 ... 
Parsing "C:\PCBLibs\Mentor\analog\analog\sym.tbl" file.
Value of num_of_sheets is ..1
Copying sheet # 1 ... 
Parsing "C:\PCBLibs\Mentor\analog\analog\sym.tbl" file.
Value of num_of_sheets is ..1
Copying sheet # 1 ... 
Parsing "C:\PCBLibs\Mentor\simmods\builtin\sym.tbl" file.
Value of num_of_sheets is ..1
Copying sheet # 1 ... 
Parsing "C:\PCBLibs\Mentor\simmods\builtin\sym.tbl" file.
Value of num_of_sheets is ..1
Copying sheet # 1 ... 
Parsing "C:\PCBLibs\Mentor\analog\analog\sym.tbl" file.
Value of num_of_sheets is ..1
Copying sheet # 1 ... 
Parsing "C:\PCBLibs\Mentor\analog\analog\sym.tbl" file.
Value of num_of_sheets is ..1
Copying sheet # 1 ... 
Parsing "C:\PCBLibs\Mentor\analog\analog\sym.tbl" file.
Value of num_of_sheets is ..1
Copying sheet # 1 ... 
Parsing "C:\PCBLibs\Mentor\analog\analog\sym.tbl" file.
Value of num_of_sheets is ..1
Copying sheet # 1 ... 
Parsing "C:\PCBLibs\Mentor\analog\analog\sym.tbl" file.
Value of num_of_sheets is ..1
Copying sheet # 1 ... 
Parsing "C:\PCBLibs\Mentor\simmods\builtin\sym.tbl" file.
Value of num_of_sheets is ..1
Copying sheet # 1 ... 
Parsing "C:\PCBLibs\Mentor\simmods\builtin\sym.tbl" file.
Value of num_of_sheets is ..1
Copying sheet # 1 ... 
Parsing "C:\PCBLibs\Mentor\analog\analog\sym.tbl" file.
Value of num_of_sheets is ..1
Copying sheet # 1 ... 
Value of num_of_sheets is ..1
Copying sheet # 1 ... 
Copied C:\PCBLibs\SKASYMGEN\sym\pwr.1 to D:\temp\SKASYMGEN\sym\pwr.1
Value of num_of_sheets is ..1
Copying sheet # 1 ... 
Value of num_of_sheets is ..1
Copying sheet # 1 ... 
Copied C:\PCBLibs\SKASYMGEN\sym\pwr.1 to D:\temp\SKASYMGEN\sym\pwr.1
Value of num_of_sheets is ..1
Copying sheet # 1 ... 
Parsing "C:\PCBLibs\Mentor\simmods\builtin\sym.tbl" file.
Value of num_of_sheets is ..1
Copying sheet # 1 ... 
Parsing "C:\PCBLibs\Mentor\simmods\builtin\sym.tbl" file.
Value of num_of_sheets is ..1
Copying sheet # 1 ... 
Value of num_of_sheets is ..1
Copying sheet # 1 ... 
Copied C:\PCBLibs\SKASYMGEN\sym\pwr.1 to D:\temp\SKASYMGEN\sym\pwr.1
Value of num_of_sheets is ..1
Copying sheet # 1 ... 
Value of num_of_sheets is ..1
Copying sheet # 1 ... 
Copied C:\PCBLibs\SKASYMGEN\sym\pwr.1 to D:\temp\SKASYMGEN\sym\pwr.1
Value of num_of_sheets is ..1
Copying sheet # 1 ... 
Parsing "C:\PCBLibs\Mentor\simmods\builtin\sym.tbl" file.
Value of num_of_sheets is ..1
Copying sheet # 1 ... 
Parsing "C:\PCBLibs\Mentor\simmods\builtin\sym.tbl" file.
Value of num_of_sheets is ..1
Copying sheet # 1 ... 
Value of num_of_sheets is ..1
Copying sheet # 1 ... 
Copied C:\PCBLibs\SKASYMGEN\sym\pwr.1 to D:\temp\SKASYMGEN\sym\pwr.1
Value of num_of_sheets is ..1
Copying sheet # 1 ... 
Value of num_of_sheets is ..1
Copying sheet # 1 ... 
Copied C:\PCBLibs\SKASYMGEN\sym\pwr.1 to D:\temp\SKASYMGEN\sym\pwr.1
Value of num_of_sheets is ..1
Copying sheet # 1 ... 
Value of num_of_sheets is ..1
Copying sheet # 1 ... 
Copied C:\PCBLibs\SKASYMGEN\sym\a2kat.1 to D:\temp\SKASYMGEN\sym\a2kat.1
Value of num_of_sheets is ..1
Copying sheet # 1 ... 
Parsing "C:\PCBLibs\Mentor\analog\analog\sym.tbl" file.
Value of num_of_sheets is ..1
Copying sheet # 1 ... 
Parsing "C:\PCBLibs\Mentor\simmods\builtin\sym.tbl" file.
Value of num_of_sheets is ..1
Copying sheet # 1 ... 
Parsing "C:\PCBLibs\Mentor\simmods\builtin\sym.tbl" file.
Value of num_of_sheets is ..1
Copying sheet # 1 ... 
Parsing "C:\PCBLibs\Mentor\analog\analog\sym.tbl" file.
Value of num_of_sheets is ..1
Copying sheet # 1 ... 
Parsing "C:\PCBLibs\Mentor\analog\analog\sym.tbl" file.
Value of num_of_sheets is ..1
Copying sheet # 1 ... 
Parsing "C:\PCBLibs\Mentor\analog\analog\sym.tbl" file.
Value of num_of_sheets is ..1
Copying sheet # 1 ... 
Parsing "C:\PCBLibs\Mentor\analog\analog\sym.tbl" file.
Value of num_of_sheets is ..1
Copying sheet # 1 ... 
Parsing "C:\PCBLibs\Mentor\analog\analog\sym.tbl" file.
Value of num_of_sheets is ..1
Copying sheet # 1 ... 
Parsing "C:\PCBLibs\Mentor\simmods\builtin\sym.tbl" file.
Value of num_of_sheets is ..1
Copying sheet # 1 ... 
Parsing "C:\PCBLibs\Mentor\simmods\builtin\sym.tbl" file.
Value of num_of_sheets is ..1
Copying sheet # 1 ... 
Parsing "C:\PCBLibs\Mentor\analog\analog\sym.tbl" file.
Value of num_of_sheets is ..1
Copying sheet # 1 ... 
Parsing "C:\PCBLibs\Mentor\analog\analog\sym.tbl" file.
Value of num_of_sheets is ..1
Copying sheet # 1 ... 
Parsing "C:\PCBLibs\Mentor\analog\analog\sym.tbl" file.
Value of num_of_sheets is ..1
Copying sheet # 1 ... 
Parsing "C:\PCBLibs\Mentor\analog\analog\sym.tbl" file.
Value of num_of_sheets is ..1
Copying sheet # 1 ... 
Parsing "C:\PCBLibs\Mentor\analog\analog\sym.tbl" file.
Value of num_of_sheets is ..1
Copying sheet # 1 ... 
Parsing "C:\PCBLibs\Mentor\analog\analog\sym.tbl" file.
Value of num_of_sheets is ..1
Copying sheet # 1 ... 
Parsing "C:\PCBLibs\Mentor\analog\analog\sym.tbl" file.
Value of num_of_sheets is ..1
Copying sheet # 1 ... 
Parsing "C:\PCBLibs\Mentor\analog\analog\sym.tbl" file.
Value of num_of_sheets is ..1
Copying sheet # 1 ... 
Parsing "C:\PCBLibs\Mentor\simmods\builtin\sym.tbl" file.
Value of num_of_sheets is ..1
Copying sheet # 1 ... 
Parsing "C:\PCBLibs\Mentor\simmods\builtin\sym.tbl" file.
Value of num_of_sheets is ..1
Copying sheet # 1 ... 
Parsing "C:\PCBLibs\Mentor\analog\analog\sym.tbl" file.
Value of num_of_sheets is ..1
Copying sheet # 1 ... 
Parsing "C:\PCBLibs\Mentor\analog\analog\sym.tbl" file.
Value of num_of_sheets is ..1
Copying sheet # 1 ... 
Value of num_of_sheets is ..1
Copying sheet # 1 ... 
Copied C:\PCBLibs\SKASYMGEN\sym\pwr.1 to D:\temp\SKASYMGEN\sym\pwr.1
Value of num_of_sheets is ..1
Copying sheet # 1 ... 
Value of num_of_sheets is ..1
Copying sheet # 1 ... 
Copied C:\PCBLibs\SKASYMGEN\sym\pwr.1 to D:\temp\SKASYMGEN\sym\pwr.1
Value of num_of_sheets is ..1
Copying sheet # 1 ... 
Value of num_of_sheets is ..1
Copying sheet # 1 ... 
Copied C:\PCBLibs\SKASYMGEN\sym\pwr.1 to D:\temp\SKASYMGEN\sym\pwr.1
Value of num_of_sheets is ..1
Copying sheet # 1 ... 
Value of num_of_sheets is ..1
Copying sheet # 1 ... 
Parsing "C:\PCBLibs\Mentor\analog\analog\sym.tbl" file.
Parsing "C:\PCBLibs\Mentor\simmods\builtin\sym.tbl" file.
ERROR: Could not copy roach_qdr2_power. 
Value of num_of_sheets is ..1
Copying sheet # 1 ... 
Copied C:\PCBLibs\SKASYMGEN\sym\QDR2P_JTAG.1 to D:\temp\sym\QDR2P_JTAG.1
Value of num_of_sheets is ..1
Copying sheet # 1 ... 
Copied C:\PCBLibs\SKASYMGEN\sym\QDR2P_POWER.1 to D:\temp\sym\QDR2P_POWER.1
Value of num_of_sheets is ..1
Copying sheet # 1 ... 
Parsing "C:\PCBLibs\Mentor\analog\analog\sym.tbl" file.
Value of num_of_sheets is ..1
Copying sheet # 1 ... 
Parsing "C:\PCBLibs\Mentor\analog\analog\sym.tbl" file.
Value of num_of_sheets is ..1
Copying sheet # 1 ... 
Parsing "C:\PCBLibs\Mentor\analog\analog\sym.tbl" file.
Value of num_of_sheets is ..1
Copying sheet # 1 ... 
Parsing "C:\PCBLibs\Mentor\analog\analog\sym.tbl" file.
Value of num_of_sheets is ..1
Copying sheet # 1 ... 
Parsing "C:\PCBLibs\Mentor\analog\analog\sym.tbl" file.
Value of num_of_sheets is ..1
Copying sheet # 1 ... 
Parsing "C:\PCBLibs\Mentor\analog\analog\sym.tbl" file.
Value of num_of_sheets is ..1
Copying sheet # 1 ... 
Parsing "C:\PCBLibs\Mentor\analog\analog\sym.tbl" file.
Value of num_of_sheets is ..1
Copying sheet # 1 ... 
Parsing "C:\PCBLibs\Mentor\analog\analog\sym.tbl" file.
Value of num_of_sheets is ..1
Copying sheet # 1 ... 
Parsing "C:\PCBLibs\Mentor\analog\analog\sym.tbl" file.
Value of num_of_sheets is ..1
Copying sheet # 1 ... 
Parsing "C:\PCBLibs\Mentor\analog\analog\sym.tbl" file.
Value of num_of_sheets is ..1
Copying sheet # 1 ... 
Parsing "C:\PCBLibs\Mentor\analog\analog\sym.tbl" file.
Value of num_of_sheets is ..1
Copying sheet # 1 ... 
Parsing "C:\PCBLibs\Mentor\analog\analog\sym.tbl" file.
Value of num_of_sheets is ..1
Copying sheet # 1 ... 
Parsing "C:\PCBLibs\Mentor\analog\analog\sym.tbl" file.
Value of num_of_sheets is ..1
Copying sheet # 1 ... 
Parsing "C:\PCBLibs\Mentor\analog\analog\sym.tbl" file.
Added library directory to the list ..
Added library directory to the list ..
Added library directory to the list ..
Added library directory to the list ..
Added library directory to the list ..
Added library directory to the list ..
Added library directory to the list ..
Added library directory to the list ..
Added library directory to the list ..
Added library directory to the list ..
