pcb: Note 5996: Using Config File C:\Users\mrevnell\roach\elec\roach\roach_pcb.cfg
pcb: Note 5792: func dictionary entry $1I3\$1I965 at line 18 was deleted
pcb: Note 6085: roach_top pkg D1: 1 empty slot(s), device DIODE_SIG_SOT23_150MA_BAV70
pcb: Warning 6083: roach_top pin $1I2\$1I139.N1: Single pin net: $1I2\MGTRREF
pcb: Warning 6094: roach_top pin $1I3\$1I966.MGT_116_REF_CLK_N: Pin not connected
pcb: Warning 6094: roach_top pin $1I3\$1I966.MGT_116_REF_CLK_P: Pin not connected
pcb: Warning 6094: roach_top pin $1I3\$1I964.MGT_120_REF_CLK_N: Pin not connected
pcb: Warning 6094: roach_top pin $1I3\$1I964.MGT_120_REF_CLK_P: Pin not connected
pcb: Warning 6094: roach_top pin $1I3\$1I963.MGTRREF: Pin not connected
pcb: Warning 6094: roach_top pin $1I3\$1I963.MGT_VTRXC: Pin not connected
pcb: Warning 6094: roach_top pin $1I3\$1I962.MGT_124_REF_CLK_N: Pin not connected
pcb: Warning 6094: roach_top pin $1I3\$1I962.MGT_124_REF_CLK_P: Pin not connected
pcb: Warning 6094: roach_top pin $1I2\$1I1087.MGT_114_REF_CLK_N: Pin not connected
pcb: Warning 6094: roach_top pin $1I2\$1I1087.MGT_114_REF_CLK_P: Pin not connected
pcb: Warning 6094: roach_top pin $1I2\$1I1086.MGT_118_REF_CLK_N: Pin not connected
pcb: Warning 6094: roach_top pin $1I2\$1I1086.MGT_118_REF_CLK_P: Pin not connected
pcb: Warning 6094: roach_top pin $1I2\$1I1085.MGT_122_REF_CLK_N: Pin not connected
pcb: Warning 6094: roach_top pin $1I2\$1I1085.MGT_122_REF_CLK_P: Pin not connected
pcb: Note 5626: Summary of pcb.err
Status 0, Notes 3, Warnings 15
Errors 0, Failures 0, Fatals 0, Internals 0
