#;QTY;REFDES;DEVICE;DESCRIPTION;PACKAGE;MANUFACTURER;PARTNO;VALUE;
1;1;C1;CAPT_220UF_D7343_10V_10%_L0050;;CAPMP7343X310N;AVX;AVX: TPSD227K010R0050;220UF;
2;1;C2;CAP_22UF_1210_16V_10%_X5R;;CAPC3225X279N;AVX;AVX: 1210YD226KAT2A;22UF;
3;118;C3,C4,C53,C54,C149,C150,C151,C152,C192,C193,C194,C195,C196,C197,C198,C199,C604,C605,C606,C607,C615,C621,C622,C623,C624,C625,C626,C627,C629,C630,C631,C632,C634,C636,C637,C638,C639,C640,C641,C642,C643,C644,C645,C647,C648,C649,C650,C651,C652,C653,C654,C655,C656,C657,C658,C659,C660,C661,C662,C664,C665,C666,C667,C668,C669,C670,C671,C672,C673,C674,C675,C677,C678,C679,C680,C681,C682,C683,C684,C686,C687,C688,C689,C690,C691,C692,C693,C694,C695,C696,C697,C698,C699,C700,C702,C704,C705,C706,C707,C708,C709,C710,C711,C712,C713,C714,C715,C716,C717,C718,C719,C720,C722,C723,C724,C725,C726,C729;CAP_100NF_0402_16V_10%_X7R;;CAPC1005X55N;VENKEL;VEN: C0402X7R160-104KN;0.1UF;
4;81;C5,C13,C15,C20,C32,C57,C62,C296,C297,C298,C299,C300,C301,C305,C306,C307,C314,C316,C319,C320,C336,C338,C341,C342,C351,C396,C397,C398,C407,C408,C411,C414,C417,C430,C431,C432,C435,C436,C437,C438,C439,C440,C441,C442,C453,C454,C460,C471,C472,C473,C474,C475,C476,C477,C478,C479,C480,C481,C482,C483,C514,C516,C518,C520,C522,C524,C527,C528,C529,C532,C540,C541,C542,C543,C544,C546,C594,C612,C620,C748,C749;CHIP_CAPACITOR;CERAMIC CHIP CAPACITOR - 0402;CAPC1005X55N;MURATA;GRM155R71A104KAO1B;100NF;
5;52;C6,C14,C16,C17,C46,C50,C55,C56,C63,C352,C353,C354,C355,C356,C357,C358,C359,C360,C433,C434,C443,C444,C445,C446,C447,C448,C449,C450,C451,C452,C507,C508,C509,C510,C511,C512,C513,C515,C517,C519,C521,C523,C525,C526,C530,C531,C533,C534,C590,C591,C592,C593;CHIP_CAPACITOR;CERAMIC CHIP CAPACITOR - 0402;CAPC1005X55N;MURATA;GRM155R71E103KAO1B;10NF;
6;31;C7,C8,C9,C23,C24,C25,C26,C27,C28,C29,C30,C31,C120,C122,C124,C153,C154,C155,C156,C157,C163,C172,C174,C176,C180,C273,C274,C281,C282,C283,C284;;;CAPC2012X135N;MURATA;GRM21BR60J106KE19L;10UF;
7;164;C10,C11,C12,C18,C19,C34,C35,C36,C37,C38,C39,C40,C41,C42,C43,C44,C45,C64,C65,C78,C79,C85,C86,C87,C92,C93,C94,C96,C98,C100,C101,C102,C114,C115,C116,C118,C119,C121,C123,C125,C126,C137,C158,C159,C160,C161,C162,C181,C182,C200,C201,C202,C203,C204,C205,C206,C207,C208,C209,C210,C211,C214,C216,C217,C218,C219,C221,C222,C224,C228,C229,C230,C231,C232,C233,C234,C235,C236,C237,C238,C257,C258,C259,C260,C261,C262,C263,C264,C265,C266,C267,C268,C269,C272,C275,C276,C277,C278,C279,C280,C285,C286,C287,C288,C289,C290,C291,C292,C293,C294,C295,C302,C303,C304,C322,C323,C324,C325,C330,C331,C332,C333,C344,C345,C346,C347,C361,C362,C363,C364,C365,C366,C367,C368,C369,C370,C371,C372,C373,C374,C375,C376,C377,C378,C379,C380,C381,C382,C383,C384,C385,C386,C387,C427,C428,C429,C468,C469,C470,C486,C487,C599,C600,C601;CHIPCAP0402X0_5;CERAMIC CHIP CAPACITOR - 0402;CAPC1005X55N;PANASONIC;ECJ-0EB0J224K;220NF;
8;4;C21,C22,C554,C555;;;CAPC1005X55N;MURATA;GRM1555C1H220JZ01B;22PF;
9;41;C33,C61,C66,C67,C76,C77,C127,C129,C130,C131,C132,C133,C134,C135,C556,C557,C558,C559,C560,C561,C562,C563,C564,C568,C570,C571,C572,C573,C574,C575,C576,C577,C581,C582,C583,C584,C585,C586,C587,C588,C589;CHIPCAP0402X0_5;;CAPC1005X55N;MURATA;GRM155R60J103KA01J;10NF;
10;1;C47;CAP_2R2UF_0805_25V_10%_X7R;;CAPC2012X140N;AVX;AVX: 08053C225KAT2A;2.2UF;
11;4;C48,C49,C51,C52;CAP_18PF_0402_25V_10%_COG;;CAPC1005X55N;AVX;AVX: 04023A180KAT2A;18PF;
12;5;C58,C329,C459,C467,C595;CAP0805_135;;CAPC2012X135N;MURATA;GRM21BR61E475KA12K;4U7F;
13;14;C59,C60,C84,C270,C271,C456,C457,C458,C464,C465,C466,C596,C597,C598;CAP1210_220;;CAPC3225X220N;MURATA;GRM32DR61C106KA01K;10UF;
14;18;C68,C69,C70,C71,C72,C73,C74,C75,C80,C81,C82,C83,C95,C97,C99,C103,C227,C247;CHIPCAP0402X0_55;;CAPC1005X55N;MURATA;GRM155R60J104KA01J;100NF;
15;22;C88,C89,C164,C326,C327,C328,C334,C335,C348,C349,C350,C388,C389,C390,C391,C392,C393,C394,C395,C488,C602,C603;TANT_CAP_B;;CAPMP3528X210N;KEMET;T520B476M006ATE070;47UF;
16;10;C90,C91,C165,C166,C419,C420,C423,C424,C535,C536;CHIPCAP1210X2_7;;CAPC3225X270N;MURATA;GRM32ER61C226KE20;22UF;
17;6;C104,C105,C400,C402,C405,C410;;;CAPMP7343X430N;KEMET;T530X108M2R5ASE005;1000UF;
18;8;C106,C107,C108,C109,C110,C111,C112,C113;CHIPCAP0402X0_5;CERAMIC CHIP CAPACITOR - 0402;CAPC1005X55NCO;MURATA;GRM155R71E103KAO1B;10NF;
19;8;C117,C418,C421,C422,C425,C426,C551,C552;;;CAPC3225X220N;MURATA;GRM32DR61C106KA01K;10UF;
20;2;C128,C136;CHIPCAP0402X0_5;;CAPC1005X55N;MURATA;GRM155R60J104KA01J;100NF;
21;2;C138,C139;CHIPCAP0805X1_3;;CAPC2012X130N;MURATA;GRM21BR61C475KA88;4.7UF;
22;24;C140,C141,C142,C143,C144,C145,C146,C147,C183,C184,C185,C186,C187,C188,C189,C190,C249,C250,C251,C252,C253,C254,C255,C256;CHIPCAP0402X0_55;CERAMIC CHIP CAPACITOR - 0402;CAPC1005X55NCO;MURATA;GRM155R71E103KAO1B;10NF;
23;5;C148,C616,C617,C618,C619;CAP_10NF_0402_25V_10%_X7R;;CAPC1005X55N;MURATA;GRM155R60J103KA01J;10NF;
24;2;C167,C168;CHIPCAP1210X1_3;;CAPC2012X130N;MURATA;GRM21BR61C475KA88;4.7UF;
25;17;C169,C170,C171,C173,C175,C177,C178,C179,C191,C212,C213,C215,C220,C223,C225,C226,C248;CHIPCAP0402X0_55;CERAMIC CHIP CAPACITOR - 0402;CAPC1005X55N;PANASONIC;ECJ-0EB0J224K;220NF;
26;8;C239,C240,C241,C242,C243,C244,C245,C246;CHIPCAP0402X0_55;;CAPC1005X55N;MURATA;GRM155R60J103KA01J;10NF;
27;6;C308,C313,C455,C461,C462,C463;CHIPCAP0402;CERAMIC CHIP CAPACITOR - 0402;CAPC1005X55N;MURATA;GRM1555C1H5R0CZ01B;5PF;
28;2;C309,C310;TANT_CAP_B;;CAPMP7343X190N;KEMET;T520V337M2R5ATE025;330UF;
29;2;C311,C312;TANT_CAP_B;;CAPMP3528X210N;KEMET;T520B336M006ATE040;33UF;
30;8;C315,C317,C318,C321,C337,C339,C340,C343;CHIP_CAP_0603_09;CERAMIC CHIP CAPACITOR - 0402;CAPC1608X90N;MURATA;GRM188R71C105KA12;1UF;
31;5;C401,C403,C404,C409,C412;;;CAPAE1050X1270N;SANYO;16SVP330M;330UF;
32;1;C413;;;CAPMP7343X410N;KEMET;T530X687M004ASE005;680UF;
33;4;C484,C485,C547,C548;CAP0805_140;;CAPC2012X140N;MURATA;GRM21BR71E225KA73B;2U2;
34;6;C489,C490,C491,C504,C505,C506;CHIPCAP0603X0_90;;CAPC1608X90N;MURATA;GRM188R61E105KA12J;1UF;
35;6;C492,C493,C494,C495,C496,C497;CHIPCAP1210X2_20;;CAPC3225X220N;MURATA;GRM32DR61C106KA01K;10UF;
36;3;C498,C499,C500;CAP0805_088;;CAPC2012X88N;KEMET;C0805C153J5RAC;15NF;
37;3;C501,C502,C503;CAPMP7343X4_30;;CAPMP7343X430N;KEMET;T530X337M010ATE006;330UF;
38;1;C537;GRM32ER61C226KE20;;CAPC3225X270N;MURATA;GRM32ER61C226KE20;22UF;
39;1;C538;CAPMP7343X310N;;CAPMP7343X310N;KEMET;T530X337M010ATE006;330UF;
40;1;C539;CAPC1005X55N;;CAPC1005X55N;AVX;AVX: 04023C101KAT2A;100PF;
41;1;C545;;;CAPMP7343X310N;KEMET;T530X337M010ATE006;330UF;
42;1;C549;;CER CAP;CAPC3225X220N;MURATA;GRM32DR61C106KA01K;10UF;
43;1;C550;;;CAPC2012X140N;KEMET;C0805C153J5RAC;15NF;
44;1;C553;;;CAPC1608X90N;MURATA;GRM188R61E105KA12J;1UF;
45;7;C565,C566,C567,C569,C578,C579,C580;CHIPCAP0402X0_5;CER CAP;CAPC3225X220N;MURATA;GRM32DR61C106KA01K;10UF;
46;12;C608,C609,C610,C611,C730,C731,C732,C733,C735,C737,C739,C740;CAPT_100UF_3528_6R3V_10%_LXXXX;;CAPMP3528X210N;AVX;AVX: TPSB107K006R;100UF;
47;1;C613;CHIP_CAPACITOR;CERAMIC CHIP CAPACITOR - 0402;CAPC1005X55N;MURATA;GRM155R61A102KA01B;1NF;
48;1;C614;TANT_CAP_X;;CAPMP7343X430N;KEMET;T491X227M010AT;220UF;
49;4;C744,C745,C746,C747;CAP_470PF_0402_25V_10%_X7R;;CAPC1005X55N;AVX;AVX: 04023C471KAT2A;470PF;
50;52;CP1,CP2,CP3,CP4,CP5,CP6,CP7,CP8,CP9,CP10,CP11,CP12,CP13,CP14,CP15,CP16,CP17,CP18,CP19,CP20,CP21,CP22,CP23,CP24,CP25,CP26,CP27,CP28,CP29,CP30,CP31,CP32,CP33,CP34,CP35,CP36,CP37,CP38,CP39,CP40,CP41,CP42,CP43,CP44,CP45,CP46,CP47,CP48,CP49,CP50,CP51,CP52;CAPCAF50P125X200X100;CAPACITOR,CHIP ARRAY,0.5MM PITCH,8 PIN,1.25MM L X 2.00MM W X 1.00MM H;CAPCAF50P125X200X100-8N;MURATA;GNM214B11C104MA01B;100NF;
51;4;CR1,CR2,CR3,CR4;DIODE_LED_0805_GRN;;LEDC3216X120N;FAIRCHILD;HSMG-C150;GRN;
52;2;CR5,CR6;DIODE_LED_0805_RED;;LEDC3216X120N;AVAGO;HSMH-C150;RED;
53;4;CR7,CR8,CR9,CR10;DIODE_LED_0805_GRN;;LEDC3216X120N;AVAGO;HSMG-C150;GRN;
54;1;D1;DIODE_SIG_SOT23_150MA_BAV70;;SOT95P248X115-3N;VISHAY;BAV70-V;BAV70;
55;4;D2,D3,D4,D5;LED1206X1_1;;LEDC3216X120N;AGILENT TECHNOLOGIES;HSMS-C150;OPTICAL MODULE FAULT - RED LED;
56;1;D6;LED1206X1_1;;LEDC3216X120N;AGILENT TECHNOLOGIES;HSMS-C150;DUPLEX LED;
57;1;D7;LED1206X1_1;;LEDC3216X120N;AGILENT TECHNOLOGIES;HSMS-C150;L10 LED;
58;1;D8;LED1206X1_1;;LEDC3216X120N;AGILENT TECHNOLOGIES;HSMS-C150;L100 LED;
59;1;D9;DIODE_ESD_PROT;;SOT143B;NXP;PRTR5V0U2AX;NONE;
60;36;FB1,FB3,FB4,FB5,FB8,FB9,FB10,FB11,FB14,FB15,FB16,FB17,FB19,FB22,FB23,FB24,FB25,FB26,FB27,FB28,FB30,FB31,FB32,FB35,FB36,FB37,FB38,FB41,FB42,FB43,FB44,FB46,FB49,FB50,FB51,FB52;FERRITE_BEAD0603X0_95;;INDC1608X95N;TDK;MPZ1608S221A;220@100M;
61;3;FU1,FU2,FU3;;;FIDUCIAL;;;;
62;9;H1,H2,H3,H4,H5,H6,H7,H8,H9;HOLE150X288;;HOLE150X288;NA;NA;;
63;2;H10,H11;HSHOLE_3_5D3_2_NP;;HEATSINKHOLE;;;;
64;1;J1;CON_MICTOR_2X19_F_VT_0R25_SMT;;767054-1;TYCO ELECTRONICS;5767054-1;.25IN F SMT;
65;2;J2,J9;HD10X2SHROUDED;HEADER 10X2 SHROUDED;3MN2520-6V0C-RB-WE;3M;N2520-6V0C-RB-WE;;
66;1;J7;HD7X2;HEADER 7X2;MOLEX15-91-2140;MOLEX;15-91-2140;;
67;2;J8,J15;DDR2_240DIMM;;MOLEX879160001;MOLEX;879160001;;
68;4;J10,J11,J12,J13;SMA_PCBMOUNT_RECEPTACLE;;AMPHENOL132136;AMPHENOL;132136;SMA;
69;1;J14;10PIN_IOHEADER;;J_10IO_TBD;SAMTEC;HLE-105-02-G-DV;;
70;1;J17;MMC4_SD;;PROCONN_SDSR13;PROCONN;SDSR13-A0-0005;;
71;1;J18;MOLEX_44206-0007;ATX MAIN POWER CONNECTOR 24 PIN;MOLEX_44206-0007;MOLEX;44206-0007;;
72;3;J19,J20,J21;MOLEX_47053-1000;ATX 4 WIRE FAN CONNECTOR;MOLEX_47053-1000;MOLEX;47053-1000;;
73;2;J22,J24;14-PIN_JTAG;;CON7X2_87832_P2_H11_SMD;MOLEX;87832-1420;;
74;1;J25;CON_RJ45_1X8_F_RA_TH_2LEDGY;RJ45, INTEGRATED MAGNETICS, 2 LEDS;RJ45_8POS;HALO;HFJ11-1G02E-L12;;
75;1;J26;HD5X2;HEADER 5X2;MOLEX15-91-2100;3M;2510-6002UB;;
76;1;J27;JTAG-10PIN;;MOLEX15-91-2100;3M;2510-6002UB;;
77;1;J28;XPORT;;XP100100X_03R;LANTRONIX;XP1001001-03R;;
78;1;J31;HD10X2;HEADER 10X2;MOLEX15-91-2200;MOLEX;15-91-2200;;
79;1;J32;HD5X2;HEADER 5X2 FEMALE;3M2510_6002UB;3M;8510-4500PL;;
80;1;J41;HD4X2;HEADER 4X2;MOLEX15-91-2080;MOLEX;15-91-2080;;
81;8;JP4,JP5,JP6,JP7,JP8,JP9,JP24,JP25;JUMPER0805;STANDARD JUMPER;JUMPER;N/A;JP2;;
82;17;JP10,JP11,JP12,JP13,JP14,JP15,JP16,JP17,JP18,JP19,JP20,JP21,JP22,JP23,JP26,JP27,JP28;JUMPER3;3 WAY JUMPER;RESC3P1505X40N;N/A;JP3;;
83;4;L1,L2,L3,L4;IND_BEAD_0805_600OHM_200MA;;INDC2012X130N;MURATA;BLM21B601SPT;600OHM 200MA;
84;6;L5,L6,L7,L14,L15,L16;BLM31PG330SN1PK;;INDC3216X130N;MURATA;BLM31PG121SN1B;BLM31PG121SN1B;
85;7;L8,L9,L10,L11,L12,L13,L17;IND_BEAD_0603_180OHM_1R5A_25%;;INDC1608X95N;MURATA;BLM18PG181SN1X;180OHM 1.5A;
86;1;LOGO1;;;LOGO;;;;
87;1;LOGO2;;;MEERKATLOGO;;;;
88;1;LOGO3;;;CASPERLOGO;;;;
89;1;LOGO4;;;CUCARACA;;;;
90;2;P1,P8;CON_HDR_2X8_M_VT_0R1_SMT;;TSM_8X2_DV;SAMTEC;TSM-108-01-TM-DV-P;.1IN M SMT;
91;1;P2;CON_DSUB_9_M_RA_TH;;87203-6043;NORCOMP;182-009-112-171;9P DSUB MALE;
92;1;P3;QUAD_CX4_CONNECTOR;FUJITSU 2X2 CX4 CONNECTOR MODULE;FUJITSU_FCN_268F036_G_3DB;FUJITSU;FCN-268F036-G/3DB;;
93;2;P4,P11;CON_HDR_1X5_M_VT_0R1_SMT;;TSM_5X1_SV;SAMTEC;TSM-105-01-TM-SV;0.1IN M SMT;
94;2;P5,P7;ZDOK40;;TYCO6367550;TYCO ELECTRONICS;6367550-5;ZDOK40;
95;1;P6;CON_USBA_1X4_F_RA_TH;;787616_TH;TYCO ELECTRONICS;292303-1;NONE;
96;1;P9;QSH040;;QSH-040-01-X-D-DP-A;SAMTEC;QSH-040-01-L-D-DP-A-K;;
97;1;PTC1;FUSE_500MA_1206_SMT_PTC;;FUSC3216X75N;LITTELFUSE;1206L050;500MA;
98;5;Q4,Q5,Q6,Q7,Q8;BSS138;;SOT95P240X110-3N;FAIRCHILD SEMICONDUCTOR;BSS138;BSS138;
99;2;Q9,Q10;NDS331N;;SOT95P241X112-3N;FAIRCHILD SEMICONDUCTOR;NDS331N;NDS331N;
100;1;Q11;FJD3076TM;NPN TRANSISTOR;DPAK-P950X240-3N;FAIRCHILD;FJD3076TM;;
101;3;Q12,Q13,Q14;FDS6675BZ;;SO-8;FAIRCHILD;FDS6675BZ;;
102;18;R1,R2,R7,R8,R9,R47,R48,R53,R54,R101,R102,R167,R229,R230,R235,R236,R302,R303;RES0402_55;;RESC1005X40N;ROYAL OHM;0402WGJ0104T1E;10K;
103;1;R3;;;RESC1005X40N;ROYAL OHM;0402WGF0102T1E;1K;
104;2;R4,R144;RES0402_55;;RESC1005X40N;ROYAL OHM;0402WG00T1E;0R;
105;6;R5,R83,R84,R132,R133,R134;;;RESC1005X40N;ROYAL OHM;0402WGF0332T1E;3K3;
106;2;R6,R138;RES0402_55;;RESC1005X40N;ROYAL OHM;0402WGJ0120T1E;120R;
107;29;R10,R11,R12,R13,R14,R15,R16,R17,R18,R19,R20,R21,R139,R142,R145,R150,R222,R223,R237,R239,R240,R241,R242,R272,R273,R274,R275,R276,R277;RES0402_55;;RESC1005X40N;ROYAL OHM;0402WGF0220T1E;22R;
108;24;R22,R40,R51,R52,R140,R141,R151,R152,R153,R154,R155,R156,R157,R158,R254,R255,R256,R257,R258,R259,R260,R261,R300,R301;RES0402_55;;RESC1005X40N;ROYAL OHM;0402WGF499JT1E;49.9R;
109;4;R23,R24,R25,R85;RES_1K_0402_5%;;RESC1005X40N;ROYAL OHM;0402WGF0102T1E;1K;
110;7;R26,RS1,RS2,RS3,RS7,RS9,RS10;RES_33_0402_5%;;RESC1005X40N;ROYAL OHM;4D02WGJ0330T;33;
111;31;R27,R28,R29,R30,R31,R32,R33,R34,R35,R60,R61,R62,R63,R64,R65,R66,R67,R68,R69,R70,R71,R72,R73,R74,R75,R76,R77,R78,R80,R81,R82;RES_3R3K_0402_5%;;RESC1005X40N;ROYAL OHM;0402WGF0332T1E;3K3;
112;13;R36,R37,R38,R39,R86,R87,R194,R195,R196,R198,R204,R205,R206;RES_10K_0402_5%;;RESC1005X40N;ROYAL OHM;0402WGJ0104T1E;10K;
113;2;R41,R88;RES_15K_0402_5%;;RESC1005X40N;ROYAL OHM;0402WGF0153T1E;15K;
114;7;R42,R197,R199,R200,R201,R202,R203;RES_180_0402_5%;;RESC1005X40N;ROYAL OHM;0402WGF0181T1E;180R;
115;4;R43,R44,R45,R46;RES0402_55;;RESC1005X40N;ROYAL OHM;0402WGJ0101T1E;100R;
116;2;R49,R50;RES0402X0_35;;RESC1005X40N;ROYAL OHM;0402WGF499JT1E;49R9;
117;2;R55,R304;0402WGF0271TIE;;RESC1005X40N;ROYAL OHM;0402WGF249JTIE;249R;
118;1;R56;RES0402X0_35;;RESC1005X40N;ROYAL OHM;0402WGF499JT1E;49.9R;
119;4;R57,R58,R93,R95;RES0402X0_35;;RESC1005X40N;ROYAL OHM;0402WGF0392T1E;3K9;
120;2;R59,R94;RES0402X0_35;;RESC1005X40N;ROYAL OHM;0402WGF0682T1E;6K8;
121;2;R79,R92;RES0402X0_35;;RESC1005X40N;ROYAL OHM;0402WGF0151T1E;150R;
122;14;R89,R165,R166,R209,R210,R211,R212,R224,R225,R226,R231,R232,R233,R234;RES0402_55;;RESC1005X40N;ROYAL OHM;0402WGF0472T1E;4K7;
123;5;R90,R91,R96,R109,R110;RES0402X0_35;;RESC1005X40N;ROYAL OHM;0402WGF0103T1E;10K;
124;2;R97,R98;0402WGF0512T1E;;RESC1005X40N;ROYAL OHM;0402WGF0512T1E;5K1;
125;2;R99,R100;0402WGF499JT1E;;RESC1005X40N;ROYAL OHM;0402WGF499JT1E;10K;
126;8;R103,R104,R107,R108,R115,R116,R136,R137;RES0402X0_35;;RESC1005X40N;ROYAL OHM;0402WGF1000T1E;100R;
127;2;R105,R114;RES0402X0_35;;RESC1005X40N;ROYAL OHM;0402WGF499JT1E;10K;
128;2;R106,R113;RES0402X0_35;;RESC1005X40N;ROYAL OHM;0402WGF8201T1E;82K;
129;2;R111,R112;RES0402X0_35;;RESC1005X40N;ROYAL OHM;0402WG00T1E;0R;
130;2;R117,R130;RES0402X0_55;;RESC1005X40N;ROYAL OHM;0402WGF499JT1E;10K;
131;4;R118,R120,R127,R129;RES0402X0_55;;RESC1005X40N;ROYAL OHM;0402WGF0392T1E;3K9;
132;2;R119,R128;RES0402X0_55;;RESC1005X40N;ROYAL OHM;0402WGF0682T1E;6K8;
133;2;R121,R126;RES0402X0_55;;RESC1005X40N;ROYAL OHM;0402WGF5101T1E;5K1;
134;2;R122,R125;RES0402X0_55;;RESC1005X40N;ROYAL OHM;0402WGF0151T1E;150R;
135;3;R123,R124,R131;RES0402X0_55;;RESC1005X40N;ROYAL OHM;0402WGF0103T1E;10K;
136;1;R135;;;RESC1005X40N;ROYAL OHM;0402WGF1002T1E;10K;
137;1;R143;RES0402_55;;RESC1005X40N;ROYAL OHM;0402WGF6342T1E;63K4;
138;1;R146;RES0402_55;;RESC1005X40N;ROYAL OHM;0402WGF1581T1E;1K58;
139;1;R147;RES0402_55;;RESC1005X40N;ROYAL OHM;0402WGF6982T1E;6K98;
140;1;R148;RES0402_55;;RESC1005X40N;ROYAL OHM;0402WGF4752T1E;4K75;
141;1;R149;RES0402_55;;RESC1005X40N;ROYAL OHM;0402WGF1021T1E;1K02;
142;1;R159;RES0402_55;;RESC1005X40N;ROYAL OHM;0402WGF0273T1E;27K;
143;1;R160;RES0402_55;;RESC1005X40N;ROYAL OHM;0402WGF0563T1E;56K;
144;8;R161,R162,R163,R288,R289,R290,R291,R299;;;RESC1005X40N;ROYAL OHM;0402WGF499JT1E;10K;
145;1;R164;RES0402_55;;RESC1005X40N;ROYAL OHM;0402WGF0330T1E;33R;
146;2;R168,R169;RES0402_55;;RESC1005X40N;ROYAL OHM;0402WGF0121T1E;120R;
147;16;R170,R171,R172,R238,R243,R245,R247,R249,R252,R264,R265,R266,R268,R269,R270,R271;RES0402_55;;RESC1005X40N;ROYAL OHM;0402WGF0222T1E;2K2;
148;1;R177;RES0402_55;;RESC1005X40N;ROYAL OHM;0402WGF5361T1E;5K36;
149;1;R179;RES0402_55;;RESC1005X40N;ROYAL OHM;0402WGF2372T1E;2K37;
150;2;R180,R181;RES0402_55;;RESC1005X40N;ROYAL OHM;0402WGF499JT1E;10K;
151;1;R182;RES_3R40K_0402_1%;;RESC1005X40N;ROYAL OHM;0402WGF3401T1E;3K4;
152;6;R183,R192,R193,R207,R208,R267;RES0402_55;;RESC1005X40N;ROYAL OHM;0402WGF0102T1E;1K;
153;1;R185;;;VISHAY_AC05;VISHAY;AC05000001009JLB00;10R;
154;1;R187;;;VISHAY_AC05;VISHAY;AC05000005609JLB00;56R;
155;3;R213,R218,R219;RES0402X0_40;;RESC1005X40N;ROYAL OHM;0402WGF0103T1E;100K;
156;2;R214,R217;RES0402X0_40;;RESC1005X40N;ROYAL OHM;0402WGF3601T1E;3K6;
157;2;R215,R216;RES0402X0_40;;RESC1005X40N;ROYAL OHM;0402WGF01821T1E;1K8;
158;1;R220;RES0402X0_40;;RESC1005X40N;ROYAL OHM;0402WGF4421T1E;4K42;
159;1;R221;RES0402X0_40;;RESC1005X40N;ROYAL OHM;0402WGF1101T1E;1K1;
160;5;R244,R246,R248,R250,R251;RES0402_55;;RESC1005X40N;ROYAL OHM;0402WGF0331T1E;330R;
161;1;R253;RES0402_55;;RESC1005X40N;ROYAL OHM;0402WGF9761T1E;9K76;
162;1;R262;RES0402_55;;RESC1005X40N;ROYAL OHM;0402WGF0100T1E;10;
163;1;R263;RES0402_55;;RESC1005X40N;ROYAL OHM;0402WGF0180T1E;18;
164;5;R278,R279,R280,R283,R285;;;RESC1005X40N;ROYAL OHM;0402WGF0103T1E;100K;
165;1;R281;;;RESC1005X40N;ROYAL OHM;0402WGF1151T1E;1K15;
166;1;R282;;;RESC1005X40N;ROYAL OHM;0402WGF3571T1E;3K57;
167;2;R284,R286;;;RESC1005X40N;ROYAL OHM;0402WGF0181T1E;180R;
168;3;R287,R293,R294;;;RESC5025X90N;VISHAY DALE;WSL2010R0100FEA;0R01;
169;2;R292,R296;;;RESC5025X90N;VISHAY DALE;WSL20104L700FEA;0R0047;
170;1;R295;;;RESC6432X89N;VISHAY DALE;WSL25122L200FEA;0R0022;
171;1;R298;;;RESC6432X89N;VISHAY DALE;WSL25121L000FEA;0R001;
172;1;R305;;;RESC1005X40N;ROYAL OHM;0402WGF3300T1E;330R;
173;1;R306;;;RESC1005X40N;ROYAL OHM;0402WGF2400T1E;240R;
174;5;RO1,RO2,RO3,RO4,RO5;RES_1K_0402_5%_OPT;;RESC1005X40N;ROYAL OHM;0402WGF0102T1E;1K;
175;3;RO10,RO11,RO14;RES_10K_0402_5%_OPT3P;;RESC3P1505X40N;ROYAL OHM;0402WGJ0104T1E;10K;
176;24;RP1,RP2,RP3,RP4,RP5,RP6,RP7,RP8,RP9,RP10,RP11,RP12,RP27,RP28,RP29,RP30,RP31,RP32,RP33,RP34,RP35,RP36,RP37,RP38;RESPACK51X4;;RESCAV50P100X200X55-8N;ROYAL OHM;4D02WGJ0510T;51R;
177;14;RP13,RP14,RP15,RP16,RP17,RP18,RP19,RP20,RP21,RP22,RP23,RP24,RP25,RP26;RESPACK4;;RESCAV50P100X200X55-8N;ROYAL OHM;4D02WGJ0510B1E;49.9R;
178;1;SNP1;;;SNPATCH;;;;
179;1;SP2;SUP_ESD_SOT23_1KV;;SOT23-SC203P224X300X76-3N;LITTELFUSE;PGB102ST23WR;PGB102ST23WR;
180;1;SW1;SWITCH_PB_SMT;;BOURNS7914G;BOURNS;7914G;SPST;
181;2;SW2,SW3;SWITCH_DIP_4POLE_0R1_SMT8;;90HB_SERIES;OMRON;A6S-4101-H;4POLE;
182;1;TP1;PAD_1MM_SMT;;TP_SMT_1MM;NA;NA;TEST POINT;
183;8;TP2,TP3,TP4,TP5,TP6,TP7,TP8,TP9;TP_ROUND100;TEST POINT;TPR100;NA;N/A;;
184;1;U1;IC_CPU_TE-PBGA680_440EPX-GRX;;BGA680C100P34X34_3500X3500X265;AMCC;PPC440EPX-NTA533T;440EPX;
185;1;U2;SN74AHC1G125;;SOT65P210X110-5N;TEXAS INSTRUMENTS;SN74AHC1G125DCKT;;
186;1;U3;TL7700;;SOIC127P780X200-8N;TI;TL7700CPSR;;
187;2;U4,U5;ADCMP605;;QFN50P300X300X100-13N;ANALOG DEVICES;ADCMP605BCPZ;;
188;1;U6;CDCU877;;PQFN50P602X602X100-41N;TI;CDCU877ARHAT;;
189;2;U8,U26;SY89832U;;QFN50P300X300X90-17N;MICREL;SY89832UMI;;
190;1;U9;IC_CLKGEN_SOIC8_0211P21;;SOIC127P602X173-8N;CYPRESS;CY22381FXI_0211P2;CY22381FX_0211;
191;5;U10,U11,U12,U13,U14;SN74AVCH4T245DGV;;SOP40P640X120-16N;TEXAS INSTRUMENTS;74AVCH4T245DGVRE4;;
192;1;U15;5VSX95T;;BGA1136C100P34X34_3500X3500X340;XILINX;XC5VSX95T;;
193;4;U16,U32,U33,U62;TPS51100DGQ;;SOP50P490X110-11N;TEXAS INSTRUMENTS;TPS51100DGQ;TPS51100DGQ;
194;2;U17,U63;QDRIIP_X18_SA21_0;QDRII+ X18 CONFIGURATION;BGA165C100P11X15_1500X1700X140;SAMSUNG;K7S3218T4C-FC40;;
195;4;U18,U19,U28,U29;TPS2031;;SOIC127P600X175-8N;TEXAS INSTRUMENTS;TPS2031D;;
196;2;U20,U30;MAX9032AKA;;SOT80P330X140-8N;MAXIM;MAX9032AKA;;
197;2;U21,U34;MAX9032AKA;;SOT80P330X140-8M;MAXIM;MAX9032AKA;;
198;4;U22,U23,U36,U37;SN74AHC1G08DCKR;;SOT65P210X110-5N;TEXAS INSTRUMENTS;SN74AHC1G08DCKR;;
199;1;U24;IC_CLKGEN_SOIC16_CY2292F;;SOIC127P600X173-16N;CYPRESS;CY2292F;CY2292FZX_0211;
200;1;U25;ADR03;;SOIC127P600X175-8N;ANALOG DEVICES;ADR03ARZ;;
201;1;U27;PTH08T220WAD;;PTH08T220W_EAS;TEXAS INSTRUMENTS;PTH08T220WAD;;
202;1;U31;IC_RSTVM_SOT235_2774_THR2R93V;;SOT95P280X145-5N;MICREL;MIC2774N-29YMS;MIC2774N-29;
203;1;U35;IC_AND_SC70_SINGLE_74LVC1G08;;SOT65P210X110-5N;TEXAS INSTRUMENTS;SN74LVC1G08DCKR;74LVC1G08;
204;2;U38,U40;MEMEE_512MBX8_SOIC8_100KHZ_I2C;;SOIC127P600X175-8N;ATMEL;AT24C04N-10SU-1.8;AT24C04;
205;1;U41;IC_TEMP_SOT23-6_I2C_AD7414-0;;SOT95P284X145-6N;ANALOG DEVICES;AD7414ARTZ-0;AD7414-0;
206;1;U42;MEMF_512MBX16_BGA64_MBIT_110NS;;BGA64C100P8X8_1100X1300X140;SPANSION;S29GL512N11FFI010;32MX16 MIRROR BIT;
207;2;U43,U44;IC_RS232_SSOP20_3225_E3-5V;;SOP65P778X200-20N;INTERSIL;ICL3225EIAZ;ICL3225ECA;
208;3;U45,U46,U48;IC_ANSW_ZDFN6_SPDT_XXX3157;;SON50P100X151X80-6N;PERICOM;PI5A3157ZAEX;PI5A3157;
209;1;U50;PTH05T210WAD;;PTH08T210W_ECP;TEXAS INSTRUMENTS;PTH05T210WAD;PTH05T210WAD;
210;1;U51;PTH08T240WAD;;PTH08T240W_EBS;TEXAS INSTRUMENTS;PTH08T240WAD;PTH08T240WAD;
211;1;U53;PTH08T230WAD;;PTH08T230W_ECL;TEXAS INSTRUMENTS;PTH08T230WAD;;
212;1;U54;XC2C256;;QFP50P2200X2200X160-144N;XILINX;XC2C256_7VQ144C;;
213;4;U55,U56,U57,U59;TPS74X;;QFN65P500X500X100-21AL;TEXAS INSTRUMENTS;TPS74401RGWT;TPS74401RGWT;
214;1;U58;NATSEMI_DP83865DVH;;QFP50P1720X2320X290-128N;NATIONAL;DP83865DVH;;
215;1;U60;ROACH_AFS600;;BGA256C100P16X16_1700X1700X170;ACTEL;AFS600-FG256;;
216;1;U61;ADM3101E;;QFN50P300X300X100-13N;ANALOG DEVICES;ADM3101EACPZ-REEL;;
217;32;V1,V2,V3,V4,V5,V6,V7,V8,V9,V18,V19,V20,V21,V22,V23,V24,V25,V34,V35,V36,V37,V38,V39,V40,V49,V50,V51,V52,V53,V54,V55,V56;DIFFVIA;;DIFFVIA;NA;NA;;
218;1;VR4;VAR_5R5V_0603_30A;;VARC1608X90N;LITTELFUSE;V5.5MLA0603XXX;5.5V 20A;
219;2;X1,X4;SMDCLK;;OSCSC254P525X720X180-6N;CRYSTEK;CCLD-023-25-156.250;156.25MHZ;
220;1;X2;SMDCLK;;OSCSC254P525X720X180-6N;CRYSTEK;CCLD-023-25-100.000;100.00MHZ;
221;1;X3;SMDCLK;;OSCSC254P525X720X180-6N;CRYSTEK;CCLD-024-25-200.000;200.00MHZ;
222;1;X5;;;OSCL550P340X800X250-4N;ECS INTERNATIONAL;ECX-306;32.768KHZ;
223;1;Y1;XTAL_22R1184MHZ_SMT6X3_18PF_50P;;FX532A;CITIZEN;CS10-22.1184MAGJ-UT;22.1184MHZ;
224;1;Y2;XTAL_12R00MHZ_SMT6X3_18PF_50PPM;;FX532A;CITIZEN;CS10-12.000MAGJ-UT;12.00 MHZ;
