Searching for SCHEMATIC roach_ppc_eth2.1 ...
Searching for SYMBOL in.1 ...
in.1 read
Searching for SYMBOL r.1 ...
r.1 read
Searching for SYMBOL gnd.1 ...
gnd.1 read
Searching for SYMBOL jumper3.1 ...
jumper3.1 read
Searching for SYMBOL chassis_gnd.1 ...
chassis_gnd.1 read
Searching for SYMBOL roach:pwr.1 ...
roach:pwr.1 read
Searching for SYMBOL c.1 ...
c.1 read
Searching for SYMBOL led.1 ...
led.1 read
Searching for SYMBOL c.2 ...
c.2 read
Searching for SYMBOL r.2 ...
r.2 read
Searching for SYMBOL jumper.1 ...
jumper.1 read
Searching for SYMBOL dp83865_phy.1 ...
dp83865_phy.1 read
Searching for SYMBOL ic_cpu_te_pbga680_440epx_grx_j.1 ...
ic_cpu_te_pbga680_440epx_grx_j.1 read
Searching for SYMBOL out.1 ...
out.1 read
Searching for SYMBOL bi.1 ...
bi.1 read
Searching for SYMBOL halo_gigabit_fastjack_2led.1 ...
halo_gigabit_fastjack_2led.1 read
roach_ppc_eth2.1 read
Searching for SYMBOL roach_ppc_eth2.1 ...
Checking Block roach_ppc_eth2, Sheet 1 ...
Wirelist created using version 5.4.
Checking ...
Searching for SYMBOL roach_ppc_eth2.1 ...
Searching for SYMBOL roach_ppc_eth2.1 ...
Searching for SYMBOL roach_ppc_eth2.1 ...
Searching for SYMBOL roach_ppc_eth2.1 ...
Searching for SYMBOL roach_ppc_eth2.1 ...
Searching for SYMBOL roach_ppc_eth2.1 ...
Searching for SYMBOL roach_ppc_eth2.1 ...
Searching for SYMBOL roach_ppc_eth2.1 ...
Searching for SYMBOL roach_ppc_eth2.1 ...
Searching for SYMBOL roach_ppc_eth2.1 ...
Searching for SYMBOL roach_ppc_eth2.1 ...
Searching for SYMBOL roach_ppc_eth2.1 ...
Searching for SYMBOL roach_ppc_eth2.1 ...
Searching for SYMBOL roach_ppc_eth2.1 ...
Searching for SYMBOL roach_ppc_eth2.1 ...
Searching for SYMBOL roach_ppc_eth2.1 ...
Searching for SYMBOL roach_ppc_eth2.1 ...
Searching for SYMBOL roach_ppc_eth2.1 ...
Searching for SYMBOL roach_ppc_eth2.1 ...
Searching for SYMBOL roach_ppc_eth2.1 ...
Searching for SYMBOL roach_ppc_eth2.1 ...
Searching for SYMBOL roach_ppc_eth2.1 ...
Searching for SYMBOL roach_ppc_eth2.1 ...
Searching for SYMBOL roach_ppc_eth2.1 ...
Searching for SYMBOL roach_ppc_eth2.1 ...
Searching for SYMBOL roach_ppc_eth2.1 ...
Searching for SYMBOL roach_ppc_eth2.1 ...
Searching for SYMBOL roach_ppc_eth2.1 ...
Searching for SYMBOL roach_ppc_eth2.1 ...
Searching for SYMBOL roach_ppc_eth2.1 ...
Searching for SYMBOL roach_ppc_eth2.1 ...
Searching for SYMBOL roach_ppc_eth2.1 ...
Searching for SYMBOL roach_ppc_eth2.1 ...
Searching for SYMBOL roach_ppc_eth2.1 ...
Searching for SYMBOL roach_ppc_eth2.1 ...
Searching for SYMBOL roach_ppc_eth2.1 ...
Searching for SYMBOL roach_ppc_eth2.1 ...
Searching for SYMBOL roach_ppc_eth2.1 ...
Searching for SYMBOL roach_ppc_eth2.1 ...
Searching for SYMBOL roach_ppc_eth2.1 ...
Searching for SYMBOL roach_ppc_eth2.1 ...
Searching for SYMBOL roach_ppc_eth2.1 ...
Searching for SYMBOL roach_ppc_eth2.1 ...
Searching for SYMBOL roach_ppc_eth2.1 ...
Searching for SYMBOL roach_ppc_eth2.1 ...
Searching for SYMBOL roach_ppc_eth2.1 ...
Searching for SYMBOL roach_ppc_eth2.1 ...
Searching for SYMBOL roach_ppc_eth2.1 ...
Searching for SYMBOL roach_ppc_eth2.1 ...
Searching for SYMBOL roach_ppc_eth2.1 ...
Searching for SYMBOL roach_ppc_eth2.1 ...
Searching for SYMBOL roach_ppc_eth2.1 ...
Searching for SYMBOL roach_ppc_eth2.1 ...
Searching for SYMBOL roach_ppc_eth2.1 ...
Searching for SYMBOL roach_ppc_eth2.1 ...
Searching for SYMBOL roach_ppc_eth2.1 ...
Searching for SYMBOL roach_ppc_eth2.1 ...
Searching for SYMBOL roach_ppc_eth2.1 ...
Searching for SYMBOL roach_ppc_eth2.1 ...
Searching for SYMBOL roach_ppc_eth2.1 ...
Searching for SYMBOL roach_ppc_eth2.1 ...
Searching for SYMBOL roach_ppc_eth2.1 ...
Searching for SYMBOL roach_ppc_eth2.1 ...
Searching for SYMBOL roach_ppc_eth2.1 ...
Searching for SYMBOL roach_ppc_eth2.1 ...
Searching for SYMBOL roach_ppc_eth2.1 ...
Searching for SYMBOL roach_ppc_eth2.1 ...
Searching for SYMBOL roach_ppc_eth2.1 ...
Searching for SYMBOL roach_ppc_eth2.1 ...
Searching for SYMBOL roach_ppc_eth2.1 ...
Searching for SYMBOL roach_ppc_eth2.1 ...
Searching for SYMBOL roach_ppc_eth2.1 ...
Searching for SYMBOL roach_ppc_eth2.1 ...
Searching for SYMBOL roach_ppc_eth2.1 ...
Searching for SYMBOL roach_ppc_eth2.1 ...
Searching for SYMBOL roach_ppc_eth2.1 ...
Searching for SYMBOL roach_ppc_eth2.1 ...
Searching for SYMBOL roach_ppc_eth2.1 ...
Searching for SYMBOL roach_ppc_eth2.1 ...
Searching for SYMBOL roach_ppc_eth2.1 ...
Searching for SYMBOL roach_ppc_eth2.1 ...
Searching for SYMBOL roach_ppc_eth2.1 ...
Searching for SYMBOL roach_ppc_eth2.1 ...
Searching for SYMBOL roach_ppc_eth2.1 ...
Searching for SYMBOL roach_ppc_eth2.1 ...
Searching for SYMBOL roach_ppc_eth2.1 ...
Searching for SYMBOL roach_ppc_eth2.1 ...
Searching for SYMBOL roach_ppc_eth2.1 ...
Searching for SYMBOL roach_ppc_eth2.1 ...
Searching for SYMBOL roach_ppc_eth2.1 ...
Searching for SYMBOL roach_ppc_eth2.1 ...
Searching for SYMBOL roach_ppc_eth2.1 ...
Searching for SYMBOL roach_ppc_eth2.1 ...
Searching for SYMBOL roach_ppc_eth2.1 ...
Searching for SYMBOL roach_ppc_eth2.1 ...
Searching for SYMBOL roach_ppc_eth2.1 ...
Searching for SYMBOL roach_ppc_eth2.1 ...
Searching for SYMBOL roach_ppc_eth2.1 ...
Searching for SYMBOL roach_ppc_eth2.1 ...
Searching for SYMBOL roach_ppc_eth2.1 ...
Searching for SYMBOL roach_ppc_eth2.1 ...
Searching for SYMBOL roach_ppc_eth2.1 ...
Searching for SYMBOL roach_ppc_eth2.1 ...
Searching for SYMBOL roach_ppc_eth2.1 ...
Searching for SYMBOL roach_ppc_eth2.1 ...
Searching for SYMBOL roach_ppc_eth2.1 ...
Searching for SYMBOL roach_ppc_eth2.1 ...
Searching for SYMBOL roach_ppc_eth2.1 ...
Searching for SYMBOL roach_ppc_eth2.1 ...
0 errors and 0 warnings on schematic roach_ppc_eth2.1.
Check complete.
Freeing roach_ppc_eth2.1 ...
Searching for SCHEMATIC roach_ppc_eth2.2 ...
Freeing halo_gigabit_fastjack_2led.1 ...
Freeing bi.1 ...
Freeing out.1 ...
Freeing ic_cpu_te_pbga680_440epx_grx_j.1 ...
Freeing dp83865_phy.1 ...
Freeing jumper.1 ...
Freeing r.2 ...
Freeing c.2 ...
Freeing led.1 ...
Freeing c.1 ...
Freeing roach:pwr.1 ...
Freeing chassis_gnd.1 ...
Freeing jumper3.1 ...
Freeing gnd.1 ...
Freeing r.1 ...
Freeing in.1 ...
Total errors - 0 and warnings - 0
                 
                 
-=-=-=-=-=-=-=-=-=-=-=-=-=-=-=-=-=-=-=-=-=-=-=-=-=-=-=-=-=-=-=-=-=-=-=-=-=-=-=-=
                 
