scout: Note 115: Using configuration file C:\MentorGraphics\2007PADS\SDD_HOME\standard\scout.ini.
scout: Note 104: Loading page 1, schematic roach_top.1.
scout: Note 104: Loading page 2, schematic roach_transceivers0_1.1.
scout: Note 104: Loading page 3, schematic roach_transceivers2_3.1.
scout: Note 104: Loading page 4, schematic roach_adc_0.1.
scout: Note 104: Loading page 5, schematic roach_adc_1.1.
scout: Note 104: Loading page 6, schematic roach_ddr2_dimm.1.
scout: Note 104: Loading page 7, schematic roach_diff_gpio.1.
scout: Note 104: Loading page 8, schematic roach_qdr2p_by0_1.1.
scout: Note 104: Loading page 9, schematic roach_qdr2p_by2_3.1.
scout: Note 104: Loading page 10, schematic roach_ppc_usb.1.
scout: Note 104: Loading page 11, schematic roach_ppc_power_1.1.
scout: Note 104: Loading page 12, schematic roach_ppc_power_2.1.
scout: Note 104: Loading page 13, schematic roach_gpio_misc.1.
scout: Note 104: Loading page 14, schematic roach_ppc_tst_clk_io.1.
scout: Note 104: Loading page 15, schematic roach_ppc_ddr2.1.
scout: Note 104: Loading page 16, schematic roach_v5_clk.1.
scout: Note 104: Loading page 17, schematic roach_5v_power.1.
scout: Note 104: Loading page 18, schematic roach_ppc_nvm_serial.1.
scout: Note 104: Loading page 19, schematic roach_psu.1.
scout: Note 104: Loading page 20, schematic roach_ppc_cpld.1.
scout: Note 104: Loading page 21, schematic roach_config.1.
scout: Note 104: Loading page 22, schematic roach_transceivers_psu.1.
scout: Note 104: Loading page 23, schematic roach_ppc_eth1.1.
scout: Note 104: Loading page 24, schematic roach_ppc_pci.1.
scout: Note 104: Loading page 25, schematic roach_monitor.1.
scout: Note 136: roach_ppc_nvm_serial.1 net POE#: Untagged dangling net end on POE# at 1330,1450.
scout: Note 136: roach_ppc_nvm_serial.1 net PCS_2: Untagged dangling net end on PCS_2 at 260,1620.
scout: Note 136: roach_ppc_nvm_serial.1 net PWBE_0#: Untagged dangling net end on PWBE_0# at 260,1520.
scout: Note 136: roach_ppc_nvm_serial.1 net PR_W#: Untagged dangling net end on PR_W# at 260,1540.
scout: Note 136: roach_ppc_nvm_serial.1 net PR_W#: Untagged dangling net end on PR_W# at 1330,1440.
scout: Note 136: roach_ppc_nvm_serial.1 net POE#: Untagged dangling net end on POE# at 260,1560.
scout: Note 136: roach_ppc_nvm_serial.1 net POE#: Untagged dangling net end on POE# at 2320,1410.
scout: Note 136: roach_ppc_nvm_serial.1 net PR_W#: Untagged dangling net end on PR_W# at 2320,1370.
scout: Note 136: roach_ppc_nvm_serial.1 net PWBE_0#: Untagged dangling net end on PWBE_0# at 2320,1310.
scout: Note 136: roach_ppc_nvm_serial.1 net PADD[2:31]: Untagged dangling net end on PADD[2:31] at 330,2070.
scout: Note 136: roach_ppc_nvm_serial.1 net PADD31: Untagged dangling net end on PADD31 at 2320,2070.
scout: Note 136: roach_ppc_eth1.1 net GMCMDIO: Untagged dangling net end on GMCMDIO at 550,770.
scout: Note 136: roach_ppc_eth1.1 net GMCMDCLK: Untagged dangling net end on GMCMDCLK at 550,710.
scout: Note 136: roach_ppc_pci.1 net PCI_INTA#: Untagged dangling net end on PCI_INTA# at 1350,980.
scout: Note 136: roach_top.1 net 12V_ATX: Untagged dangling net end on 12V_ATX at 200,1420.
scout: Note 136: roach_top.1 net PWR_OK: Untagged dangling net end on PWR_OK at 200,1430.
scout: Note 136: roach_top.1 net MGT_AVCCPLL_PG: Untagged dangling net end on MGT_AVCCPLL_PG at 200,1440.
scout: Note 136: roach_top.1 net MGT_AVTTX_PG: Untagged dangling net end on MGT_AVTTX_PG at 200,1450.
scout: Note 136: roach_top.1 net PS_ON#: Untagged dangling net end on PS_ON# at 620,1410.
scout: Note 136: roach_top.1 net 1V0_INHIBIT: Untagged dangling net end on 1V0_INHIBIT at 620,1420.
scout: Note 136: roach_top.1 net 1V2_INHIBIT: Untagged dangling net end on 1V2_INHIBIT at 620,1430.
scout: Note 136: roach_top.1 net 1V5_INHIBIT: Untagged dangling net end on 1V5_INHIBIT at 620,1440.
scout: Note 136: roach_top.1 net 1V8_INHIBIT: Untagged dangling net end on 1V8_INHIBIT at 620,1450.
scout: Note 136: roach_top.1 net MGT_AVCC_PG: Untagged dangling net end on MGT_AVCC_PG at 200,1460.
scout: Note 136: roach_top.1 net 5V_ATX: Untagged dangling net end on 5V_ATX at 200,1470.
scout: Note 136: roach_top.1 net I1V0: Untagged dangling net end on I1V0 at 200,1480.
scout: Note 136: roach_top.1 net I1V2: Untagged dangling net end on I1V2 at 200,1490.
scout: Note 136: roach_top.1 net I1V5: Untagged dangling net end on I1V5 at 200,1500.
scout: Note 136: roach_top.1 net I1V8: Untagged dangling net end on I1V8 at 200,1510.
scout: Note 136: roach_top.1 net I2V5: Untagged dangling net end on I2V5 at 200,1520.
scout: Note 136: roach_top.1 net 3V3_ATX: Untagged dangling net end on 3V3_ATX at 200,1530.
scout: Note 136: roach_top.1 net MGT_AVCC_EN: Untagged dangling net end on MGT_AVCC_EN at 620,1460.
scout: Note 136: roach_top.1 net MGT_AVCCPLL_EN: Untagged dangling net end on MGT_AVCCPLL_EN at 620,1470.
scout: Note 136: roach_top.1 net MGT_AVTTX_EN: Untagged dangling net end on MGT_AVTTX_EN at 620,1480.
scout: Note 136: roach_top.1 net FAN3_SENSE: Untagged dangling net end on FAN3_SENSE at 200,1540.
scout: Note 136: roach_top.1 net FAN2_CONTROL: Untagged dangling net end on FAN2_CONTROL at 620,1490.
scout: Note 136: roach_top.1 net FAN1_SENSE: Untagged dangling net end on FAN1_SENSE at 200,1550.
scout: Note 136: roach_top.1 net FAN2_SENSE: Untagged dangling net end on FAN2_SENSE at 200,1560.
scout: Note 136: roach_top.1 net FAN3_CONTROL: Untagged dangling net end on FAN3_CONTROL at 620,1500.
scout: Note 136: roach_top.1 net 2V5_INHIBIT: Untagged dangling net end on 2V5_INHIBIT at 620,1510.
scout: Note 136: roach_top.1 net 2V5_TRACK: Untagged dangling net end on 2V5_TRACK at 620,1520.
scout: Note 136: roach_top.1 net LOAD_RES_OFF: Untagged dangling net end on LOAD_RES_OFF at 620,1530.
scout: Note 136: roach_top.1 net FAN1_CONTROL: Untagged dangling net end on FAN1_CONTROL at 620,1540.
scout: Note 136: roach_top.1 net PCI_INTA#: Untagged dangling net end on PCI_INTA# at 610,540.
scout: Note 136: roach_top.1 net CLK_PCI2_66/33MHZ: Untagged dangling net end on CLK_PCI2_66/33MHZ at 210,540.
scout: Note 136: roach_top.1 net M66EN: Untagged dangling net end on M66EN at 610,550.
scout: Note 136: roach_top.1 net CLK_PCI1_66/33MHZ: Untagged dangling net end on CLK_PCI1_66/33MHZ at 210,550.
scout: Note 136: roach_top.1 net CLK_GETH0_25MHZ: Untagged dangling net end on CLK_GETH0_25MHZ at 210,740.
scout: Note 136: roach_top.1 net GETH0_INT#: Untagged dangling net end on GETH0_INT# at 600,730.
scout: Note 136: roach_top.1 net GETH0_RST#: Untagged dangling net end on GETH0_RST# at 210,750.
scout: Note 136: roach_top.1 net GMCMDCLK: Untagged dangling net end on GMCMDCLK at 600,740.
scout: Note 136: roach_top.1 net GMCMDIO: Untagged dangling net end on GMCMDIO at 600,750.
scout: Note 136: roach_top.1 net MGT_AVCCPLL_PG: Untagged dangling net end on MGT_AVCCPLL_PG at 2070,1450.
scout: Note 136: roach_top.1 net MGT_AVTTX_PG: Untagged dangling net end on MGT_AVTTX_PG at 2070,1460.
scout: Note 136: roach_top.1 net MGT_AVCC_PG: Untagged dangling net end on MGT_AVCC_PG at 2070,1470.
scout: Note 136: roach_top.1 net MGT_AVTTX_EN: Untagged dangling net end on MGT_AVTTX_EN at 1650,1450.
scout: Note 136: roach_top.1 net MGT_AVCCPLL_EN: Untagged dangling net end on MGT_AVCCPLL_EN at 1650,1460.
scout: Note 136: roach_top.1 net MGT_AVCC_EN: Untagged dangling net end on MGT_AVCC_EN at 1650,1470.
scout: Note 136: roach_top.1 net SX95T_CS_B_0: Untagged dangling net end on SX95T_CS_B_0 at 910,680.
scout: Note 136: roach_top.1 net SX95T_PROGRAM_B_0: Untagged dangling net end on SX95T_PROGRAM_B_0 at 910,690.
scout: Note 136: roach_top.1 net SX95T_RDWR_B_0: Untagged dangling net end on SX95T_RDWR_B_0 at 910,700.
scout: Note 136: roach_top.1 net SX95T_TDI: Untagged dangling net end on SX95T_TDI at 910,710.
scout: Note 136: roach_top.1 net SX95T_TMS: Untagged dangling net end on SX95T_TMS at 910,720.
scout: Note 136: roach_top.1 net SX95T_TDO: Untagged dangling net end on SX95T_TDO at 1400,690.
scout: Note 136: roach_top.1 net SX95T_TCK: Untagged dangling net end on SX95T_TCK at 910,730.
scout: Note 136: roach_top.1 net SX95T_INIT_B_0: Untagged dangling net end on SX95T_INIT_B_0 at 1400,700.
scout: Note 136: roach_top.1 net SX95T_D_OUT_BUSY_0: Untagged dangling net end on SX95T_D_OUT_BUSY_0 at 1400,710.
scout: Note 136: roach_top.1 net SX95T_CCLK_0: Untagged dangling net end on SX95T_CCLK_0 at 1400,720.
scout: Note 136: roach_top.1 net SX95T_D_IN_0: Untagged dangling net end on SX95T_D_IN_0 at 910,740.
scout: Note 136: roach_top.1 net SX95T_DONE_0: Untagged dangling net end on SX95T_DONE_0 at 1400,730.
scout: Note 136: roach_top.1 net BOOT_CFG2: Untagged dangling net end on BOOT_CFG2 at 1430,340.
scout: Note 136: roach_top.1 net BOOT_CFG1: Untagged dangling net end on BOOT_CFG1 at 1430,350.
scout: Note 136: roach_top.1 net BOOT_CFG0: Untagged dangling net end on BOOT_CFG0 at 1430,360.
scout: Note 136: roach_top.1 net M66EN: Untagged dangling net end on M66EN at 910,380.
scout: Note 136: roach_top.1 net SX95T_D_OUT_BUSY_0: Untagged dangling net end on SX95T_D_OUT_BUSY_0 at 910,390.
scout: Note 136: roach_top.1 net SX95T_CS_B_0: Untagged dangling net end on SX95T_CS_B_0 at 1430,370.
scout: Note 136: roach_top.1 net SX95T_D_IN_0: Untagged dangling net end on SX95T_D_IN_0 at 1430,380.
scout: Note 136: roach_top.1 net SX95T_PROGRAM_B_0: Untagged dangling net end on SX95T_PROGRAM_B_0 at 1430,390.
scout: Note 136: roach_top.1 net SX95T_DONE_0: Untagged dangling net end on SX95T_DONE_0 at 1430,400.
scout: Note 136: roach_top.1 net SX95T_INIT_B_0: Untagged dangling net end on SX95T_INIT_B_0 at 1430,410.
scout: Note 136: roach_top.1 net QDR2_BY0_1_SYS_RST_N: Untagged dangling net end on QDR2_BY0_1_SYS_RST_N at 1430,420.
scout: Note 136: roach_top.1 net RESET_CPLD#: Untagged dangling net end on RESET_CPLD# at 1430,430.
scout: Note 136: roach_top.1 net FWP#: Untagged dangling net end on FWP# at 1430,440.
scout: Note 136: roach_top.1 net SX95T_RDWR_B_0: Untagged dangling net end on SX95T_RDWR_B_0 at 1430,450.
scout: Note 136: roach_top.1 net PCS_2: Untagged dangling net end on PCS_2 at 910,400.
scout: Note 136: roach_top.1 net POE#: Untagged dangling net end on POE# at 910,410.
scout: Note 136: roach_top.1 net PR_W#: Untagged dangling net end on PR_W# at 910,420.
scout: Note 136: roach_top.1 net CLK_CPLD_50MHZ: Untagged dangling net end on CLK_CPLD_50MHZ at 910,430.
scout: Note 136: roach_top.1 net CLK_PERCLK: Untagged dangling net end on CLK_PERCLK at 910,440.
scout: Note 136: roach_top.1 net CLK_TMRCLK: Untagged dangling net end on CLK_TMRCLK at 1430,460.
scout: Note 136: roach_top.1 net CLK_SEL_M66EN: Untagged dangling net end on CLK_SEL_M66EN at 1430,470.
scout: Note 136: roach_top.1 net SEL_SYSCLK: Untagged dangling net end on SEL_SYSCLK at 1430,480.
scout: Note 136: roach_top.1 net DEBUG_TRST#: Untagged dangling net end on DEBUG_TRST# at 910,450.
scout: Note 136: roach_top.1 net CPU_TRST#: Untagged dangling net end on CPU_TRST# at 1430,490.
scout: Note 136: roach_top.1 net CLK_CPLD_33MHZ: Untagged dangling net end on CLK_CPLD_33MHZ at 910,460.
scout: Note 136: roach_top.1 net SYSERR: Untagged dangling net end on SYSERR at 910,470.
scout: Note 136: roach_top.1 net FRY_BY#: Untagged dangling net end on FRY_BY# at 910,480.
scout: Note 136: roach_top.1 net EE1_WP: Untagged dangling net end on EE1_WP at 1430,500.
scout: Note 136: roach_top.1 net EE2_BOOT_WP: Untagged dangling net end on EE2_BOOT_WP at 1430,510.
scout: Note 136: roach_top.1 net STTM_AS: Untagged dangling net end on STTM_AS at 1430,520.
scout: Note 136: roach_top.1 net USB2_VCC_PI: Untagged dangling net end on USB2_VCC_PI at 910,490.
scout: Note 136: roach_top.1 net PADD[27:31]: Untagged dangling net end on PADD[27:31] at 910,500.
scout: Note 136: roach_top.1 net SX95T_CCLK_0: Untagged dangling net end on SX95T_CCLK_0 at 1430,530.
scout: Note 136: roach_top.1 net PWBE_0#: Untagged dangling net end on PWBE_0# at 910,510.
scout: Note 136: roach_top.1 net RESET_POR#: Untagged dangling net end on RESET_POR# at 910,520.
scout: Note 136: roach_top.1 net RESET_PB_POR#: Untagged dangling net end on RESET_PB_POR# at 1430,540.
scout: Note 136: roach_top.1 net PDATA[0:7]: Untagged dangling net end on PDATA[0:7] at 1430,550.
scout: Note 136: roach_top.1 net EXT_RESET#: Untagged dangling net end on EXT_RESET# at 910,530.
scout: Note 136: roach_top.1 net QDR2_BY2_3_SYS_RST_N: Untagged dangling net end on QDR2_BY2_3_SYS_RST_N at 1430,560.
scout: Note 136: roach_top.1 net PPC_DDR2_RESET_N: Untagged dangling net end on PPC_DDR2_RESET_N at 1430,570.
scout: Note 136: roach_top.1 net PWR_GOOD: Untagged dangling net end on PWR_GOOD at 910,540.
scout: Note 136: roach_top.1 net GETH0_RST#: Untagged dangling net end on GETH0_RST# at 1430,580.
scout: Note 136: roach_top.1 net PWR_GOOD: Untagged dangling net end on PWR_GOOD at 430,400.
scout: Note 136: roach_top.1 net PPC_DDR2_RESET_N: Untagged dangling net end on PPC_DDR2_RESET_N at 200,610.
scout: Note 136: roach_top.1 net PWR_GOOD: Untagged dangling net end on PWR_GOOD at 430,470.
scout: Note 136: roach_top.1 net CLK_USB2.0_48MHZ: Untagged dangling net end on CLK_USB2.0_48MHZ at 210,670.
scout: Note 136: roach_top.1 net USB2_VCC_PI: Untagged dangling net end on USB2_VCC_PI at 620,670.
scout: Note 136: roach_top.1 net CLK_UART_11.0592MHZ: Untagged dangling net end on CLK_UART_11.0592MHZ at 1730,640.
scout: Note 136: roach_top.1 net RESET_CPLD#: Untagged dangling net end on RESET_CPLD# at 1730,650.
scout: Note 136: roach_top.1 net M66EN: Untagged dangling net end on M66EN at 1730,660.
scout: Note 136: roach_top.1 net RESET_POR#: Untagged dangling net end on RESET_POR# at 1730,670.
scout: Note 136: roach_top.1 net EXT_RESET#: Untagged dangling net end on EXT_RESET# at 2170,630.
scout: Note 136: roach_top.1 net BOOT_CFG2: Untagged dangling net end on BOOT_CFG2 at 1730,680.
scout: Note 136: roach_top.1 net BOOT_CFG1: Untagged dangling net end on BOOT_CFG1 at 1730,690.
scout: Note 136: roach_top.1 net BOOT_CFG0: Untagged dangling net end on BOOT_CFG0 at 1730,700.
scout: Note 136: roach_top.1 net EE2_BOOT_WP: Untagged dangling net end on EE2_BOOT_WP at 1730,710.
scout: Note 136: roach_top.1 net EE1_WP: Untagged dangling net end on EE1_WP at 1730,720.
scout: Note 136: roach_top.1 net PADD[2:31]: Untagged dangling net end on PADD[2:31] at 2170,640.
scout: Note 136: roach_top.1 net PDATA[0:31]: Untagged dangling net end on PDATA[0:31] at 2170,650.
scout: Note 136: roach_top.1 net PCS_2: Untagged dangling net end on PCS_2 at 2170,660.
scout: Note 136: roach_top.1 net POE#: Untagged dangling net end on POE# at 2170,670.
scout: Note 136: roach_top.1 net PR_W#: Untagged dangling net end on PR_W# at 2170,680.
scout: Note 136: roach_top.1 net PWBE_0#: Untagged dangling net end on PWBE_0# at 2170,690.
scout: Note 136: roach_top.1 net CLK_PERCLK: Untagged dangling net end on CLK_PERCLK at 2170,700.
scout: Note 136: roach_top.1 net FWP#: Untagged dangling net end on FWP# at 1730,730.
scout: Note 136: roach_top.1 net FRY_BY#: Untagged dangling net end on FRY_BY# at 2170,710.
scout: Note 136: roach_top.1 net STTM_AS: Untagged dangling net end on STTM_AS at 1730,740.
scout: Note 136: roach_top.1 net SCPCLK: Untagged dangling net end on SCPCLK at 2170,720.
scout: Note 136: roach_top.1 net STTM_ALERT: Untagged dangling net end on STTM_ALERT at 2170,730.
scout: Note 136: roach_top.1 net SCPDI: Untagged dangling net end on SCPDI at 2170,740.
scout: Note 136: roach_top.1 net SCPDO: Untagged dangling net end on SCPDO at 2170,750.
scout: Note 136: roach_top.1 net QDR2_BY0_1_SYS_RST_N: Untagged dangling net end on QDR2_BY0_1_SYS_RST_N at 1650,1360.
scout: Note 136: roach_top.1 net QDR2_BY0_1_TDO: Untagged dangling net end on QDR2_BY0_1_TDO at 2130,1380.
scout: Note 136: roach_top.1 net QDR2_TMS: Untagged dangling net end on QDR2_TMS at 1650,1370.
scout: Note 136: roach_top.1 net QDR2_TDI: Untagged dangling net end on QDR2_TDI at 1650,1380.
scout: Note 136: roach_top.1 net QDR2_TCK: Untagged dangling net end on QDR2_TCK at 1650,1390.
scout: Note 136: roach_top.1 net QDR2_BY2_3_SYS_RST_N: Untagged dangling net end on QDR2_BY2_3_SYS_RST_N at 1650,1220.
scout: Note 136: roach_top.1 net QDR2_BY2_3_TDO: Untagged dangling net end on QDR2_BY2_3_TDO at 2130,1240.
scout: Note 136: roach_top.1 net QDR2_TCK: Untagged dangling net end on QDR2_TCK at 1650,1230.
scout: Note 136: roach_top.1 net QDR2_TMS: Untagged dangling net end on QDR2_TMS at 1650,1240.
scout: Note 136: roach_top.1 net QDR2_BY0_1_TDO: Untagged dangling net end on QDR2_BY0_1_TDO at 1650,1250.
scout: Note 136: roach_top.1 net CLK_SEL_M66EN: Untagged dangling net end on CLK_SEL_M66EN at 210,200.
scout: Note 136: roach_top.1 net SX95T_TMS: Untagged dangling net end on SX95T_TMS at 670,170.
scout: Note 136: roach_top.1 net SX95T_TCK: Untagged dangling net end on SX95T_TCK at 670,180.
scout: Note 136: roach_top.1 net CLK_TMRCLK: Untagged dangling net end on CLK_TMRCLK at 210,210.
scout: Note 136: roach_top.1 net SX95T_TDI: Untagged dangling net end on SX95T_TDI at 670,190.
scout: Note 136: roach_top.1 net RESET_POR#: Untagged dangling net end on RESET_POR# at 670,200.
scout: Note 136: roach_top.1 net SYSERR: Untagged dangling net end on SYSERR at 670,210.
scout: Note 136: roach_top.1 net DEBUG_TRST#: Untagged dangling net end on DEBUG_TRST# at 670,220.
scout: Note 136: roach_top.1 net CLK_PCI1_66/33MHZ: Untagged dangling net end on CLK_PCI1_66/33MHZ at 670,230.
scout: Note 136: roach_top.1 net CLK_PCI2_66/33MHZ: Untagged dangling net end on CLK_PCI2_66/33MHZ at 670,240.
scout: Note 136: roach_top.1 net CLK_PCI3_66/33MHZ: Untagged dangling net end on CLK_PCI3_66/33MHZ at 670,250.
scout: Note 136: roach_top.1 net CLK_GETH0_25MHZ: Untagged dangling net end on CLK_GETH0_25MHZ at 670,260.
scout: Note 136: roach_top.1 net SX95T_TDO: Untagged dangling net end on SX95T_TDO at 210,220.
scout: Note 136: roach_top.1 net CLK_GETH1_25MHZ: Untagged dangling net end on CLK_GETH1_25MHZ at 670,270.
scout: Note 136: roach_top.1 net STTM_ALERT: Untagged dangling net end on STTM_ALERT at 210,230.
scout: Note 136: roach_top.1 net PCI_INTA#: Untagged dangling net end on PCI_INTA# at 210,240.
scout: Note 136: roach_top.1 net GETH1_INT#: Untagged dangling net end on GETH1_INT# at 210,250.
scout: Note 136: roach_top.1 net CLK_USB2.0_48MHZ: Untagged dangling net end on CLK_USB2.0_48MHZ at 670,280.
scout: Note 136: roach_top.1 net GETH0_INT#: Untagged dangling net end on GETH0_INT# at 210,260.
scout: Note 136: roach_top.1 net CLK_CPLD_50MHZ: Untagged dangling net end on CLK_CPLD_50MHZ at 670,290.
scout: Note 136: roach_top.1 net CLK_USB2.0_12MHZ: Untagged dangling net end on CLK_USB2.0_12MHZ at 670,300.
scout: Note 136: roach_top.1 net GPIO44: Untagged dangling net end on GPIO44 at 670,310.
scout: Note 136: roach_top.1 net CLK_CPLD_33MHZ: Untagged dangling net end on CLK_CPLD_33MHZ at 670,320.
scout: Note 136: roach_top.1 net SEL_SYSCLK: Untagged dangling net end on SEL_SYSCLK at 210,270.
scout: Note 136: roach_top.1 net CPU_TRST#: Untagged dangling net end on CPU_TRST# at 210,280.
scout: Note 136: roach_top.1 net PWR_GOOD: Untagged dangling net end on PWR_GOOD at 210,290.
scout: Note 136: roach_top.1 net RESET_PB_POR#: Untagged dangling net end on RESET_PB_POR# at 210,300.
scout: Note 136: roach_top.1 net CLK_UART_11.0592MHZ: Untagged dangling net end on CLK_UART_11.0592MHZ at 670,330.
scout: Note 136: roach_top.1 net I2V5: Untagged dangling net end on I2V5 at 560,1240.
scout: Note 136: roach_top.1 net 2V5_INHIBIT: Untagged dangling net end on 2V5_INHIBIT at 200,1250.
scout: Note 136: roach_top.1 net 2V5_TRACK: Untagged dangling net end on 2V5_TRACK at 200,1260.
scout: Note 136: roach_top.1 net 1V8_INHIBIT: Untagged dangling net end on 1V8_INHIBIT at 200,1270.
scout: Note 136: roach_top.1 net I1V8: Untagged dangling net end on I1V8 at 560,1250.
scout: Note 136: roach_top.1 net I1V5: Untagged dangling net end on I1V5 at 560,1260.
scout: Note 136: roach_top.1 net 1V5_INHIBIT: Untagged dangling net end on 1V5_INHIBIT at 200,1280.
scout: Note 136: roach_top.1 net 1V0_INHIBIT: Untagged dangling net end on 1V0_INHIBIT at 200,1290.
scout: Note 136: roach_top.1 net I1V0: Untagged dangling net end on I1V0 at 560,1270.
scout: Note 136: roach_top.1 net 1V2_INHIBIT: Untagged dangling net end on 1V2_INHIBIT at 200,1300.
scout: Note 136: roach_top.1 net FAN3_CONTROL: Untagged dangling net end on FAN3_CONTROL at 200,1310.
scout: Note 136: roach_top.1 net FAN3_SENSE: Untagged dangling net end on FAN3_SENSE at 560,1280.
scout: Note 136: roach_top.1 net FAN2_SENSE: Untagged dangling net end on FAN2_SENSE at 560,1290.
scout: Note 136: roach_top.1 net FAN2_CONTROL: Untagged dangling net end on FAN2_CONTROL at 200,1320.
scout: Note 136: roach_top.1 net PS_ON#: Untagged dangling net end on PS_ON# at 200,1330.
scout: Note 136: roach_top.1 net FAN1_CONTROL: Untagged dangling net end on FAN1_CONTROL at 200,1340.
scout: Note 136: roach_top.1 net FAN1_SENSE: Untagged dangling net end on FAN1_SENSE at 560,1300.
scout: Note 136: roach_top.1 net I1V2: Untagged dangling net end on I1V2 at 560,1310.
scout: Note 136: roach_top.1 net PWR_OK: Untagged dangling net end on PWR_OK at 560,1320.
scout: Note 136: roach_top.1 net 5V_ATX: Untagged dangling net end on 5V_ATX at 560,1330.
scout: Note 136: roach_top.1 net 3V3_ATX: Untagged dangling net end on 3V3_ATX at 560,1340.
scout: Note 136: roach_top.1 net 12V_ATX: Untagged dangling net end on 12V_ATX at 560,1350.
scout: Note 136: roach_top.1 net LOAD_RES_OFF: Untagged dangling net end on LOAD_RES_OFF at 200,1350.
scout: Note 137: Finished with 0 errors, 0 warnings, 228 notes.
