Viewgen - V3.6.2; DxDesigner 2005.0 (28Jan07)
c Copyright 1985,2007 by Mentor Graphics Corporation.

Running Viewgen with Command Line Inputs: 
viewgen roach_ppc_nvm_serial roach_ppc_nvm_serial -makesym -noschem -sympinspc 10 -sympinlth 10 -pinlblsize 10 -symattsize 10 

Schematic Generation Started : 26 Sep 07 18:41 
[I] Initializing Library...
[I] Graphical Libraries Initialized. 
[I] Library Initialization Complete.
[I] Reading Netlist: roach_ppc_nvm_serial 
[I] Loading Netlist using version: 6.1 
[I] Netlist Read Complete
[I] Searching Nets for net alias 
[I] Searching for Netlist Symbol Pins for I/O....
[I] Searching for labeled nets for I/O...
[I] Searching for input and output connected nets for I/O
Bus net is define IO 
Bus net is define IO 
[I] Using input and output connected nets for I/O
[I] Creating Symbols...
[I] Creating Pinorder file for symbol roach_ppc_nvm_serial

[I] Created   1 Symbol(s) 
[I] Creating Schematics...

[I] Created   1 Symbols and   0 Schematic sheet(s) 
[I] Schematic Generation Complete 