vdraw: Note 1138: Pin already connected to net
vdraw: Note 1138: Pin already connected to net
vdraw: Note 1138: Pin already connected to net
vdraw: Note 1138: Pin already connected to net
vdraw: Error 5237: roach_psu.1 com 5V_ATX: Schematic pin 5V_ATX at (130, 1340) is in schematic but not in corresponding symbol.
vdraw: Error 5237: roach_psu.1 com 3V3_ATX: Schematic pin 3V3_ATX at (130, 1290) is in schematic but not in corresponding symbol.
vdraw: Error 5237: roach_psu.1 com 12V_ATX: Schematic pin 12V_ATX at (130, 1240) is in schematic but not in corresponding symbol.
vdraw: Error 1270: Unable to locate specified border symbol:  SKASYMGEN:a2kat.1
vdraw: Error 1270: Unable to locate specified border symbol:  SKASYMGEN:a2kat.1
vdraw: Error 1270: Unable to locate specified border symbol:  SKASYMGEN:a2kat.1
vdraw: Note 1138: Pin already connected to net
vdraw: Note 1138: Pin already connected to net
vdraw: Note 1066: Cannot short net
vdraw: Note 1066: Cannot short net
vdraw: Note 1066: Cannot short net
vdraw: Note 1066: Cannot short net
vdraw: Note 1138: Pin already connected to net
vdraw: Note 1063: No connection point found
vdraw: Note 1063: No connection point found
vdraw: Note 1063: No connection point found
vdraw: Note 1063: No connection point found
